C:\Users\Philippe\AppData\Local\Programs\Python\Python35\python.exe "C:/Users/Philippe/Documents/ULg/Aalto/Data mining/Assignement/Project/git/code/main.py"
Importing graph data ...

Performing grid search ...
=========================

Algorithm 0 with params = {'L': 'unormalized', 'normalized_spectral_clustering': None}:
-------------------------------------------------------

Computing laplacian of type unormalized...
Computing eigens ...
evalues = [3.50544747e-16 4.58798413e-02 4.59650188e-02 6.32195262e-02
 6.93826374e-02 7.01266499e-02 7.22982834e-02 7.34235746e-02
 7.96258669e-02 8.29309824e-02 8.30709754e-02 8.51647669e-02
 8.60914729e-02 8.90243780e-02 8.92542027e-02 9.56675760e-02
 9.90895785e-02 1.02824574e-01 1.03034280e-01 1.06718711e-01
 1.06974027e-01 1.07954326e-01 1.09426774e-01 1.10404703e-01
 1.13245512e-01 1.13825379e-01 1.14703848e-01 1.15096917e-01
 1.16245745e-01 1.16476743e-01 1.19420929e-01 1.20936676e-01
 1.22696217e-01 1.25332939e-01 1.26436765e-01 1.26925518e-01
 1.27299196e-01 1.28554054e-01 1.29666916e-01 1.33494261e-01
 1.36100831e-01 1.36793397e-01 1.39655343e-01 1.42791426e-01
 1.43229781e-01 1.43878902e-01 1.44171394e-01 1.46867896e-01
 1.47108617e-01 1.47376330e-01 1.47957550e-01 1.48326078e-01
 1.50536147e-01 1.55123573e-01 1.55352264e-01 1.56188514e-01
 1.56460014e-01 1.57167893e-01 1.59023916e-01 1.61732368e-01
 1.61957175e-01 1.62726307e-01 1.63536012e-01 1.63663882e-01
 1.64156903e-01 1.64798415e-01 1.65542435e-01 1.66380183e-01
 1.66788964e-01 1.67397541e-01 1.68924038e-01 1.69112579e-01
 1.69556984e-01 1.70189912e-01 1.71205322e-01 1.71558746e-01
 1.72224865e-01 1.72546092e-01 1.72912021e-01 1.73108851e-01
 1.73512389e-01 1.74003450e-01 1.74591987e-01 1.76394918e-01
 1.77668844e-01 1.77741042e-01 1.78106551e-01 1.78682542e-01
 1.78764005e-01 1.79351250e-01 1.80332196e-01 1.81719295e-01
 1.82828951e-01 1.83038111e-01 1.84023407e-01 1.84462842e-01
 1.84963211e-01 1.85350346e-01 1.86081891e-01 1.86456759e-01]
Performing kmean ...
Computed labels: [97 97 97 97 97 97 97 85 97 97 97 97 97 97 97 97 34 97 97 97 97 97 97 56
 97 97 97 97 97 97 97 97 97 97 97 97 97 97 97 97 97 97 97 97 97 97 97 97
 97 97 97 97 97 97 97 97 97 97 97 97 97 97 97 97 97 97 97 97 97 97 97 97
 97 97 97 97 97 97 97 99 97 97 97 97 97 97 97 97 97 97 97 97 97 97 97 97
 97 97 97 97 97 97 97 97 97 97 97 93 97 97 97 97 97 97 97 97 97 97 97 97
 97 97 97 97 97 97 97 97 97 97 97 97 97 97 97 97 82 97 97 97 17 97 97 97
 97 97 97 97 97 97 97 97 97 97 97 97 97 97 97 97 97 97 97 97 97 97 97 97
 97 83 97 97 97 97 97 97 97 97 97 97 97 97 97 97 97 97 97 97 97 97 97 97
 97 97 97 97 97 97 97 97 97 97 97 97 97 97 97 97 97 97 97 97 97 97 97 97
 97 97 97 97 97 97 97 97 97 97 97 97 97 97 97 97 97 97 97 97 97 97 97 97
 96 97 97 35 97 97 97 97 97 17 97 97 97 97 97 97 97 97 97 97 97 97 97 97
 97 97 97 71 97  9 97 97 97 86 97 97 97 86 97 97 97 97 97 97 97 97 97 97
 97 97 97 97 97 97 97 97 97 97 85 92 97 97 97 97 97 97 97 97 97 97 97 97
 97 97 97 97 97 97 97 97 97 97 71 97 97 97 97 97 97 97 97 97 97 97 97 35
 97 97 97 97 97 97 97 97 97 97 97 97 97 97 97 97 97 97 97 97 97 97 97 97
 97 97 97 97 97 97 97 97 97 97 97 97 97 97 97 97 97 97 97 97 97 97 97 97
 97 97 97 97 97 97 97 97 97 97 97 97 94 97 97 97 97 97 82 97 97 97 97 97
 97 97 97 94 97 97 97 97 97 97 97 97 97 97 97 97 97 97 97 97 97 97 97 97
 97 97 97 97 97 97 97 97 97 67 97 97 97 97 97 97 97 97 97 97 97 97 97 97
 97 97 97 97 97 97 97 97 97 97 97 97 97 97 97 97 97 97 97 97 97 97 97 97
  6 97 97 97 97 97 97 97 97 97 97 97 97 97 97 97 97 97 97 97 97 61 97 97
 84 97 97 97 97 97 97 97 97 97 97 97 97 97 97 97 97 97 97 97 97 97 97 97
 97 97 97 97 97 97 93 97 97 97 97 97 97 97 97 97 97 97 97 97 97 97 96  4
 97 97  0 97 97 97 97 97 97 97 97 97 97 97 97 97 97 97 97 97 97 97 97 97
 97 97 97 97 97 97 97 97 97 97 97 97 97 97 97 97 97 97 97 97 97 97 97 97
 97 97 97 71 97 97 97 97 97 97 97 97 97 97 97 97 97 97 97 97 97 97 97 97
 97 97 97 97 97 97 97 97 97 97 97 97 92 97 97 97 97 97 97 97 97 97 97 97
 97 97 97 97 97 97 97 97 97 97 97 97 97 97 97 97 97 97 97 97 97 97 97 97
 97 97 97 97 97 97 97 97 97 97 97 97 97 97 97 97 97 97 97 24 97 97 69 97
 97 97 97 97 97 97 97 97 97 97 97 97 97 83 97 97 97 97 97 92 97 97 97 97
 97 97 97 97 97 97 97 97 97 97 97 97 97 97 97 97  6 97 97 97 97 97 97 97
 97 97 97 97 97 97 97  4 97 97 97 97 97 97 97 97 97 97 97 97 97 97 97 97
 97 97 97 97 97 97 97 97 97 97 97 97 97 97 97 36 97 97 97 97 97 97 97 97
 97 97 97 97 97 97 97 74 97 97 97 97 97 97 97 97 97 97 97 97 97 97 97 97
 97 97 97 97 97 97 97 97 97 97 97 97 97 97 20 97 97 97 97 97 97 97 97 97
 97 97 97 97 97 97 97 97 97 97  2 97 86 97 97 97 97 97 97 97 97 97 75 97
 97 97 97 97 97 97 97 97 97 97 97 97 97 97 97 97 20 97 97 97 97 97 97 97
 97 97 97 97 35 97 97 97 97 97 97 97 97 97 97 97 97 97 97 97 97 97 97 97
 97 97 97 97 97 97 97 97 97 97 97 97 97 97 97 97 97 97 97 97 97 97 97 97
 97 97 97 97 97 97 97 97 97 97 97 97 99 97 97 97 97 97 97 97 97 97 97 97
 97 97 97 97 97 97 97 86 97 97 97 97 97 97 97 97 97 97 97 97 97 97 97 97
 97 97 97 97 97 97 97 97 97 97 97 97 97 97 97 97 97 97 97 97 97 97 76 97
 97 97 97 97 97 97 97 97 97 97 97 97 97 97 97 97 97 97 97 97 97 97 97 97
 97 97 97 97 97 97 97 97 97 97 97 97 97 97 97 97 97 97 97 97 97 97 97 97
 97 97 97 29 97 97 97 97 97 97 97 97 97 97 97 97 97 97 97 97 97 97 97 97
 97 97 97 97 97 97 97 97 97 97 97 97 97 50 97 97 97 97 97 97 97 97 97 97
 97 97 97 97 97 97 97 97 97 97 97 97 97 97 97 97 97 97  3 97 97 97 97 97
 97 97 97 97 97 97 97 97 97 97 97 97 97 97 97 97 97 97 97 97 97 97 97 97
 97 97 97 97 97  8 97 97 97 97 97 97 97 97 97 97 97 97 97 97 97 97 97 97
 97 97 97 97 97 97 97 97 97 19 97 97 97 97 97 97 97 97 97 97 97 97 97 97
 97 97 97 97 97 97 97 97 97 97 97 97 97 97 97 97 97 97 97 97 97 97 97 97
 97 97 97 97 97 97 97 97 97 97 97 97 97 97 97 97 97 97 97 97 97 97 97 97
 97 97 97 97 97 97 99 97 97 97  7 97 97 97 97 97 97 97 97 97 97 97 97 97
 97 97 97 97 97 97 97 97 97 97 97 97 52 97 97 97 19 97 77 97 97 97 67 67
 97 97 97 97 97 97 97 97 45 97 97 97 97 97 97 97 97 97 97 97 97 97 97 97
 97 97 97 97 97 97 97 97 97 97 97 97 97 97 97 97 97 97 97 97 97 97 97 85
 97 97 97 97 97 97 97 97 97 97 97 97 97 97 97 97 97 97 97 97 97 97 97 97
 97 97 97 97 97 97 97 97 97 97 97 97 97 97 97 97 97 97 97 97 97 97 97 97
 97 72 38 38 97 97 97 97 97 97 97 97 97 97 97 97 97 97 97 97 97 43 97 97
 97 97 97 97 97 97 97 97 97 35 97 97 97 97 97 97 97 97 97 97 97 97 97 97
 97 97 97 97 97 97 97 97 97 97 97 97 97 97 97 21 97 97 97 97 97 97 97 97
 97 97 97 97 67 97 97 97 97 97 97 97 97 97 97 97 97 97 97 97 97 97 97 97
 97 97 97 82 97 97 97 97 97 97 97 97 97 97 97 94 97 97 97 97 38 97 97 97
 97 97 97 97 97 97 97 97 97 97 97 97 97 97 97 97 97 97 97 97 97 97 97 97
 97 97 97 97 97 97 97 97 97 99 97 97 97 97 97 97 97 97 97 97 97 97 97 50
 97 97 97 97 97 97 97 97 97 97 97 97 33 97 97 97 97 97 97 97 97 97 97 97
 97 97 68 97 97 97 97 97 97 97 97 97 97 97 97 97 97 97 97 97 97 97 97 97
 97 97 97 97 97 97 92 94 81 97 97 97 97 97 97 97 97 97 97 97 97 97 97 97
 97 97 97 97 97 97 97 97 97 97 97 97 97 97 97 97 97 97 97 97 97 97 97 97
 97 97 97 97 97 97 97 97 97 97 97 97 97 14 97 97 97 97 97 97 97 97 97 97
  5 97 97 97 97 97 97 97 97 97 97 97 97 97 97 97 97 97 97 97 97 97 97 97
 97 97 97 97 97 97 97 97 97 97 97 33 97 97 97 50 97 97 97 97 97 97 97 97
 97 97 97 97 97 97 97 97 97 97 97 97 97 97 85 97 97 97 97 97 97 97 97 97
 97 97 97 97 97 97 97 97 97 99 97 97 97 97 97 97 97 97 97 97 97 97 63 97
 97 97 97 97 97 97 97 97 97 97 97 97 87 97 97 97 53 97 97 97 97 97 97 97
 97 97 97 97 97 97 97 97 97 97 97 97 97 97 97 97 97 97 97 97 97 97 70 97
 97 97 97 97 97 97 97 97 97 97 97 97 97 97 97 97 97 97 97 97 97 97 97 97
 97 97 97 97 97 97 97 97 97 97 97 97 97 97 97 97 97 97 97 97 97 97 97 97
 97 97 97 97 97 97 97 97 97 97 68 97 97 97 97 89 97 97 97 97 97 97 97 97
 97 97 97 97 97 97 97 97 97 97 97 97 97 97 97 97 97 97 97 97 97 97 97 97
 97 97 97 33 97 97 97 97 97 97 97 97 97 97 97 97 97 97 97 97 97 97 97 40
 97 97 97 97 97 97 97 97 97 97 97 97 97 97 97 97 97 97 97 97 97 97 97 97
 97 97 97 97 97 97 97 97 97 97 97 97 97 97 97 97 97 97 97 97 97 97 97 97
 97 97 97 97 97 97 97 97 97 97 97 97 97 97 97 97 97 97 97 97 97 97 97 97
 97 97 97 17 97 97 97 97 97 97 97 97 97 97 97 97 53 97 97 97 97 97 97 97
 97 97 97 97 97 97 97 97 97 97 97 97 97 97 97 97 97 97 97 97 97 97 97 97
 97 97 97 97 97 97 97 97 97 97 97 97 97 97 97 97 97 97 97 97 97 97 97 97
 97 97 97 97 97 97 97 97 97 97 97 97 97 97 97 97 97 97 97 97 97 97 97 97
 10 97 97 97 97 97 97 97 97 97 97 97 97 97 97 97 97 97 97 97 97 97 36 97
 97 97 97 97 97 97 97 97 97 95 97 97 97 97 97 97 97 97 97 97 97 97 97 97
 87 97 97 97 97 97 97 97 96 97 97 97 97 97 97 97 97 97 97 97 97 97 97 97
 97 97  4 97 97  5 97 97 97 97 97 97 97 97 78 97 97 97 97 97 97 97 97 97
 97 97 97 97 97 97 97 97 97 97 97 97 97 97 97 97 97 97 97 97 97 97 97 97
 97 97 97 97 97  3 97 97 97 97 97 97 97 97 97 97 97 97 97 97 97 97 97 97
 97 97 97 97 97 97 97 97 97 97 97 97 97 97 97 97 44 97 97 97 97 97 97 97
 97 97 97 97 97 97 97 97 97 97 97 97 97 97 67 97 97 97 97 97 97 97 97 97
 97 97 97 97 97 97 97 97 97 97 97 97 97 97 97 97 97 97 97 97 97 97 97 97
 95 97 97 97 97 97 97 97 97 97 97 97 97 97 97 97 97 97 97 97 97 97 97 97
 97 97 97 97 97 97 97 97 97 97 97 97 97 97 97 97 97 97 97 97 97 97 97 97
 97 97  4 97 97 97 97 97 97 97 57 97 97 97 97 97 97 97 97 97 97 97 86 97
 97 97 97 97 97 97 97 97 97 97 42 97 97 97 97 97 97 97 97 97 97 97 97 97
 97 97 97 97 97 97 97 97 97 45 97 97 97 97 97 97 97 97 97 97 97 97 97 97
 97 97 97 97 97 97 97 97 97 97 97 97 97 97 97 97 97 96 97 97 97 97 97 97
 97 97 97 97 97 97 97 97 97 97 97 97 97 97 97  3 97 97 97 97 97 97 97 97
 97 97 97 97 97 97 97 46 97 97 97 97 97 97 97 97 97 97 97 97 97 97 97 97
 97 97 97 97 97 97 97 97 97 97 97 97 97 97 97 97 97 97 97 97 97 97 97 97
 97 97 97 97 97 84 97 97 97 97 97 97 97 97 97 97 97 97 97 97 97 97 97 97
 97 97 97 97 97 97 97 97 97 97 97 97 97 97 97 97 97 97 97 97 97 97 97 97
 97 97 97 93 97 97 97 97 97 97 97 97 97 97 97 97 97 97 85 97 97 97 97 97
 97 97 97 97 97 97 97 97 97 97 97 97 97 58 97 97 68 97 97 97 97 97 97 97
 97 97 97 97 97 97 97 97 97 97 97 97 77 97 97 97 97 97 97 97 97 97 97 86
 97 97 97 97 97 97 97 97 97 97 97 97 97 97 97 82 97 97 97 97 97 97 97 97
 97 97 97 89 97 97 97 97 97 97 97 97 97 97 97 97 97 97 97 97 97 97 97 97
 97 97 97 97 97 97 97 97 97 97 97 97 97 97 97 97 97 97 97 97 97 97 97 97
 97 97 97 97 97 97 97 97 97 97 97 97 97 97 97 97 97 97 97 97 97 97 97 97
 97 97 97 97 20 97 97 97 97 97 97 97 97 97 97 97 97 97 97 97 97 97 97 97
 97 97 97 97 97 97 97 97 97 97 56 97 97 31 97 97 97 97 89 97 97 88 97 97
 97 97 97 97 97 97 97 97 97 97 97 97 97 97 97 97 97 97 97 97 97 97 97 97
 97 97 97 97 97 97 97 97 97 97 97 97 97 97 97 97 97 97 85 97 97 97 97 97
 97 97 97 85 97 97 97 97 97 97 97 97 97 97 97 97 97 97 97 97 97 97 97 97
 97 97 97 97 97 97 97 97 97 97 97 97 97 97 97 97 97 97 97 97 97 97 97 97
 97 97 97 97 97 97 97 97 97 97 97 97 97 68 97 97 97 97 97 97 97 97 48 97
 97 97 97 97 97 97 97 97 97 97 97 97 97 97 97 97 97 97 97 97 97 97 97 97
 97 97 97 97 97 97 97 97 97 97 97 97 97 97 97 97 97 97 97 97 97 97 97 97
 97 97 97 97 97 97 97 97 97 97 97 97 97 97 97 90 97 97 97 97 97 16 97 97
 97 97 97 97 97 97 97 97 97 97 97 97 97 97 97 97 97 97 97 97 97 97 97 97
 97 97 97 97 97 97 97 97 97 97 97 97 97 97 97 97 97 97 97 97 97 97 97 97
 97 97 97 97 97 97 97 95 97 97 97 97 97 97 97 97 31 97 23 97 97 97 97 97
 97 97 97 97 97 97 97 97 97 97 97 97 31 97 97 97 97 97 97 97 97 97 97 97
 97 97 97 97 97 97 97 97 97 97 97 97 97 97 97 77 97 97 97 97 97 97 97 97
 97 97 97 97 97 97 85 97 97 88 97 97 97 97 97 97 97 97 97 38 97 97 97 97
 97 97 97 97 97 97 97 97 97 97 97 97 97 97 97 97 97 97 97 97 97  9 97 97
 97 97 97 53 97 97 97 97 97 97 97 97 97 97 97 97 97 97 97 97 97 97 97 97
 97 97 97 97 97 97 97 97 97 97 97 97 97 97 97 97 97 97 97 97 97 97 97 97
 97 55 97 97 97 97 97 97 97 97 97 97 97 97 97 97 97 97 97 97 97 97 97 97
 97 97 97 97 97 97 97 97 97 97 97 97 25 97 97 97 97 97 97 97 97 97 97 97
 97 97 97 97 97 97 97 97 97 97 97 97 97 97 97 97 97 97 97 97 97 97 97 97
 97 97 97 36 97 97 97 97 97 97 97 97 97 97 97 97 97 97 97 97 97 97 97 97
 97 97 97 97 24 97 97 97 97 97 97 97 97 97 97 97 97 97 97 97 97 97 97 97
 97 97 97 97 97 97 97 97 97 97 97 97 97 97 97 97 97 97 97 97 97 97 97 97
 97 97 97 97 97 97 97 97 97 97 97 97 97 97 97 97 97 97 97 97 97 97 97 97
 97 97 97 97 97 97 97 97 97 97 97 97 97 97 97 97 97 97 97 97 97 97 97 97
 97 97 97 97 97 11 97 97 97 97 97 97 97 97 97 97 97 97 97 97 97 97 97 97
 97 97 97 97 97 97 97 97 97 97 97 97 97 97 97 97 97 97 97 97 97 97 97 97
 97 97 97 97 97 97 97 97 97 97 97 97 97  8 97 97 97 97 97 97 97 97 97 97
 97 97 97 23 97 97 97 97 97 97 97 97 97 97 97 97 97 97 97 97 97 97 97 97
 97 97 97 97 97 97 97 97 97 97 97 97 97 74 97 97 97 97 97 97 97 97 97 97
 97 97 97 97 97  9 97 97 97 97 97 97 97 97 97 97 97 97 97 97 97 97 97 97
 97 97 97 97 97 97 97 97 97 97 97 97 97 97 97 97 97 97 97 97 97 97 97 97
 97 97 97 72 97 97 97 97 97 97 97 97 97 97 27 97 97 97 97 97 97 97 97 97
 97 82 97 97 97 97 97 97 97 97 97 97 97 97 97 97 97 97 97 97 97 97 97 97
 97 97 97 16 97 97 97 97 97 48 97 97 97 97 97 97 97 97 97 97 97 97 11 97
 97 97 97 97 97 97 97 97 97 97 97 97 97 85 97 97 96 86 97 97 97 97 97 97
 97 97 97 97 97 97 97 97 97 97 97 97 97 97 97 97 97 97 97 97 97 26 97 97
 97 97 97 97 97 97 97 97 97 97 97 97 97 92 97 97 97 97 97 97 93 97 97 97
  7 50 97 97 97 97 97 97 97 97 48 97 97 97 97 97 97 97 97 68 97 97 97 97
 97 97 85 97 97 97 97 97 97 97 97 97 97 97 97 97 97 97 97 97 97 97 97 97
 97 96 97 97 97 97 97 97 97 97 97 97 97 97 97 97 97 99 97 97 97 97 97 93
 97 97 97 97 97 97 97 97 97 97 97 97 97 97 97 45 97 97 97 97 97 97 97 97
 97 97 97 97 97 97 97 97 97 97 97 97 97 97 97 97 54 97 97 97 97 97 97 97
 97 97 97 97 97 97 97 97 68 97 97 97 97 97 97 97 97 97 97 97 97 97 97 97
 97 97 97 97 10 97 97 97 97 97 97 97 97 97 97 97 97 97 97 97 97 97 97 97
 97 97 97 97 97 97 97 97 31 97 97 97 97 97 97 97 97 97 97 97 97 97 97 97
 97 97 97 97 97 97 97 97 97 97 97 97 97 97 97 97 97 72 97 97 97 82 97 97
 60 97 97 97 97 97 97 97 97 97 97 97 97 97 97 97 97 97 97 95 97 97 97  3
 97 97 97 97 97 97 97 97  1 97 97 97 97 97 97 97 97 97 97 97 97 97 97 97
  0 97 97 97 97 97 97 97 97 97 97 97 97 97 97 97 97 97 97 82 97 97 97 97
 97 99 97 97 97 97 97  2 97 97 97 97 97 97 97 97 97 96 97  8 97 97 97 97
 97 97 97 97 97 97 97 97 97 97 96 97 97 97 97 97 97 97 97 97 97 97 97 97
 97 97 97 97 97 97 97 97 97 97 97 97 97 97 97 97 97 97 97 97 97 97 97 97
 97 97 97 97 97 97 97 97 97 97 97 97 97 97 97 97 97 97 97 97 97 97 97 97
 97 97 42 97 97 97 97 97 97 97 97 97 97 97 97 97 97 97 97 97 97 97 97 97
 97 97 97 97 97 97 97 97 97 97 97 97  2 97 97 97 97 53 82 97 97 97 97 97
 97 97 97 97 97 97 97 11 97 97 97 97 97 97 97 97 97 97 83 97 97 97 97 97
 97 97 97 97 97 97 97 97 97 97 97 97 97 97 97 97 97 97 97 97 97 97 97 97
 97 97 97 97 97 97 97 82 97 97 97 97 97 97 97 97 97 97 97 97 97 97 97 97
 97 97 97 97 97 97 97 97 97 97 97 97 97 97 97 96 97 97 97 97 26 97 97 97
 97 97 90 97 97 97 97 97 97 97 97 97 97 97 97 97 97 97 97 97 97 97 97 97
 97 97 97 97 97 97 97 97 97 97 97 97 97 97 97 97 97 97 97 97 97 97 97 97
 97 97 97 97 97 97 97 97 97 97 97 97 97 97 97 97 82 97 97 97 97 97 97 97
 97 97 97 97 97 97 97  0 97 97 97 97 97 97 97 97 20 97 97 97 97 97 97 97
 97 97 97 97 97 97 97 97 97 97 97 97 97 97 97 97 97 97  5 97 97 97 97 97
 97 97 97 97 97 97 97 97 97 97 97 97 97 97 97 97 97 97 97 97 97 97 97 97
 97 97 97 97 97 97 97 97 97 97 97 97 97 97 97 97 97 97 97 97 97 97 97 97
 97 63 97 97 97 97 97 97 97 97 97 97 97 97 97 97 97 97 97 97 97 97 97 97
 97 97 97 97 97 97 97 97 97 97 97 97 97 97 97 97 97 97 97 97 97 97 97 97
 97 97 97 97 97 97 97 97 97 97 97  0 97 97 97 97 97 97 97 97 97 97 97 85
 97 97 97 97 97 97 97 97 97 97 97 97 97 97 97 97 97 97 97 97 97 97 97 97
 97 97 97 97 97 97 97 97 97 97 97 97 97 97 97 97 97 99 97 97 97 97 97 97
 97 97 97 97 97 97 97 97 97 97 97 97 97 97 97 97 97 97 97 97 97 97 97 97
 64 97 97 97 97 97 97 97 94 97 97 97 97 97 97 97 97 97 97 97 97 97 97 97
 97 97 97 97 97 97 97 71 97 97 97 97 97 97 97 97 97 97 97 97 97 97 97 97
 97 72 97 99 97 97 97 97 97 97 97 97 97 97 97 97 97 97 97 97 97 97 97 97
 97 97 88 97 97 97 97 97 97 97 97 97 97 97 97 97 97 97 97 97 97 97 97 97
 97 97 97 97 97 97 97 97 97 97 97 97 97 97 97 97 65 97 97 97 97 97 97 97
 97 97 97 67 97 97 97 97 35 97 97 97 97 97 97 97 97 97 97 97 97 97 97 97
 93 97 97 47 97 97 97 97 97 97 97 17 97 97 97 97 97 97 58 97 97 97 97 97
 97 97 97 97 97 97 97 97 97 97 97 97 97 97 97 97 97 97 97 97 97 97 97 97
 97 97 97 97 97 97 97 97 97 97 97 97 97 97 97 97 97 97 97 97 97 97 97 97
 97 97 97 97 97 97 97 97 97 68 97 97 97 97 24 97 97 97 95 97 97 97 97 97
 52 97 97 97 97 97 97 97 97 97 97 97 97 97 97 64 97 97 97 97 97 97 97 97
 97 97 97 97 97 97 97 97 97 45 97 97 97 97 97 82 97 97 97 97 97 97 93 97
 97 97 97 97 97 97 97 97 97 97 97 97 97 97 97 97 97 86 97 97 97 97 97 97
 97 97 97 97 97 97 97 97 97 97 97 97 97 97 97 97 97 97 97 97 97 97 97 97
 97 97 97 97 97 97 97 97 97 97 97 97 97 97 97 97 97 97 97 97 97 97 97 23
 97 97 97 97 97 97 97 97 97 97 97 97 97 97 97 97 97 97 97 97 97 97 97 97
 97 97  0 97 97 97 97 97 97 97 97 97 97 97 97 97 97 97 97 97 97 97 97 97
 97 97 97 97 97 97 97 97 97 97 97 97 97 97 97 97 97 97 97 97 97 97 97 97
 57 97 97 97 97 97 97 97 97 97 97 97 97 97 97 97 97 97 97 97 97 97 97 97
 97 97 97 97 97 97 10 97 97 97 97 97 97 97 97 97 97 97 57 97 97 97 97 97
 97 97 97 97 97 97 97 97 97 97 97 97 97 97 97 97 97 97 97 97 97 97 97 97
 97 97 97 97 97 97 97 97 97 97 97 97 97 97 97 97 97 97 97 97 97 97 97 97
 97 97 97 97 97 97 97 97 97 97 97 97 97 97 97 97 97 97 97 97 97 97 97 97
 97 38 97 97 97 97 97 97 97 97 97 22 97 97  3 97 97 97 97 97 97 97 97 97
 50 97 97 97 97 97 97 97 97 97 97 97 97 97 97 97 97 97 97  1 97 97 97 97
 97 97 97 97 97 97 97 97 97 97 97 97 97 97 97 56 97 97 97 97 97 72 97 97
 97 97 97 97 97 97 97 97 97 97 97 97 97 97 86 97 97 97 97 97 97 97 97 97
 97 97 97 97 97 97 97 97 97 97 97 97 97 97 97 97 97 97 97 97 97 97 97 97
 97 97 22 97 82 97 97 97 97 97 97 86 97 97 97 97 97 97 97 97 97 97 97 97
 97 97 97 97 97 97 97 97 97 97 97 97 97 97 97 97 97 97 97 97 97 97 97 97
 97 97 97 97 97 97 97 97 97 97 97 97 97 97 97 97 97 97 97 97 97 97 97 97
 97 97 97 97 97 97 97 97 97 92 97 97 97 97 97 97 97 97 97 97 97 97 97 97
 97 97 97 97 97 97 97 97 97 97 97 97 97 97 97 97 97 97 97 97 97 97 97 97
 97 97 97 97 97 97 97 97 97 97 97 97 97 97 97 97 97 97 97 97 97 97 97 97
 97 97 97 97 97 97 97 97 97 97 97 97 97 97 97 97 97 97 97 97 97 97 97 74
 97 97 97 97 97 97 97 97 97 97 97 97 97 26 97 97 97 97 97 89 97 97 97 97
 97 72 97 97 98 97 97 97 97 97 97 97 97 97 97 97 97 97 97 97 97 97 97 97
 97 97 97 97 97 97 97 97 97 97 97 97 21 97 97 97 97 97 97 97 97 97 97 97
 97 97 97 97 97 97 97 97 97 97 43 97 97 97 97 97 97 97 97 97 97 97 97 97
 97 97 97 97 97 97 97 97 97 97 97 97 97 97 97 94 97 97 97 97 97 97 97 97
 97 97 97 97 97 97 97 97 97 97 97 97 97 97 97 97 97 97 97 97 97 97 97 97
 97 97 97 97 85 97 97 97 97 97 97 97 97 97 97 97 97 97 97 97 97 97 97 97
 97 97 97 97 97 97 97 97 97 97 97 97 97 97 97 97 97 97 97 97 97 97 97 97
 97 97 97 97 97 50 97 97 97 97 97 97 97 97 97 97 97 97 97 97 97 12 97 97
 97 97 97 97 97 97 97 97 97 97 97 95 97 97 97 97 97 97 97 97 97 97 97 97
 97 97 97 97 31 97 97 97 97 97 97 97 97 97 97 97 97 97 97 97 97 97 97 97
 97 97 97 97 97 97 97 97 97 97 97 97 97 97 97 97 97 97 97 97 97 97 97 97
 97 97 97 97 97 97 97 97 97 97 97 97 97 97 97 97 97 97 39 97 97 97 97 97
 97 97 97 97 97 97 97 97 97 97 97 97 97 97 97 99 97 97 97 97 97 97 97 97
 97 97 97 97 97 97 97 97 97 97 97 55 97 97 97 97 97 97 97 97 97 97 97 97
 83 97 97 97 97 97 97 71 97 97 97 97 97 97 97 97 97 97 97 97 97 97 97 97
 97 97 97 97 97 97 97 97 97 97 97 97 97 97 97 97 97 97 97 97 97 97 97 97
 97 97 97 97 97 46 97 97 97 97 97 97 97 97 97 97 97 97  3 97 97 97 97 97
 97 97 97 97 97 97 97 97 97 97 97 97 97 97 97 97 97 97 97 85 97 97 97 97
 97 97 97 97 17 17 97 97 97 97 97  2 97 97 97 97 97 97 97 97 97 49 97 97
 97 97 32 97 97 97 97 55 97 97 97 97 97 97 97 97 97 97 97 97 97 97 97 97
 97 97 97 97 97 97 97 97 97 97 97 97 97 97 97 97 97 97 97 97 97 97 97 97
 95 97 97 97 97 97 97 97 97 97 97 97 97 97 97 97 97 97 97 97 97 97 97 97
 97 97 82 97 47 97 97 97 97 97 97 97 97 97 97 97 97 97 97 97 97 97 97 97
 97 97 97 97 97 48 97 97 97 97 97 97 97 34 89 97 97 97 97 97 97 97 97 97
 97 97 97 97 97 97 97 97 82 97 97 97 97 97 97 97 97 97 97 97 97 97 97 97
 97 97 97 97 97 97 97 97 97 97 97 97 97 97 97 97 97 97 97 99 97 97 97 97
 97 97 97 97 97 97 97 97 97 97 97 97 97 97 97 97 97 97  2 97 97 97 97 97
 97 97 97 97 97 97 97 97 18 97 97 97 97 97 97 97 97 97 97 97 97 97 97 97
 97 97 97 97 97 97 97 97 97 97 97 97 97 97 68 97 97 97 97 97 97 97 97 97
 97 97 97 97 97 97 97 97 97 97 97 97 97 67 97 97 97 19 97 97 97 97 97 97
 97 97 97 97 97 97 87 97 97 97 97 97 97 97 97 97 97 97 97 97 97 97 97 97
 97 63 97 97 97 97 97 97 97 97 97 97 97 97 97 97 97 97 97 97 97 97 97 97
 97 97 97 97 97 97 97 97 97 97 97 97 97 97 97 97 97 97 97 97 97 97 97 97
 97 97 75 97 97 97 97 97 93 97 97 97 97 97 97 97 97 97 97 97 97 97 97 97
 97 97 97 97 17 97 97 97 97 97 97 97 97 97 97 97 97 97 97 97 97 97 97 97
 97 97 97 97 97 71 97 97 97 97 97 97 97 97 97 97 97 97 97 97 89 97 97 97
 97 97 97 97 97 97 97 97 97 97 97 97 97 97 97 97 97 97 97 97 97 97 97 97
 97 96 97 97 97 97 97 97 97 97 97 97 97 97 97 97 97 97 97 97 97 97 97 97
 97 97 97 97 97 97 97 97 97 97 97 97 97 97 97 90 97 97 97 97 97 97 97 97
 97 97 95 97 97 97 97 58 97 97 97 97 97 97 97 97 97 97 97 97 97 97 97 97
 97 97 97 97 97 97 97 97 97 97 97 97 97  7 97 97 97 97 97 97 97 97 97 97
 97 97 97 97 97 97 97 97 97 97 97 97 97 97 97 97 97 97 97 97 97 97 97 97
 97 97 97 97 97 97 97 97 97 97 97 97 97 97 97 97 97 97 97 97 97 97  5 97
 97 97 97 97 97 97 97 97 97 97 97 97 97 97 97 97 97 97 57 97 97 97 97 97
 97 97 97 97 97 97 97 89 97 97 97 97 97 97 96 97 97 97 97 97 97 97 97 95
 97 97 97 97 97 97 82 82 46 97 97 97 97 97 97 97 97 97 97 97 97 97 97 97
 97 97 97 97 97 97 97 97 97 24 97 97 96 97 97 97 97 97 97 97 97 97 97 97
 76 97 97 97 97 97 97 97 97 97 97 97 97 97 97 97 97 97 97 97 97 97 97 97
 97 97 97 97 97 97 97 97 97 97 97 97 97 97 97 97 97 97 97 97 97 97 97 97
 97 97 97 97 97 97 97 97 97 97 97 50 97 97 97 97 97 97 11 97 97 97 97 97
 97 97 97 97 97 54 97 97 97 97 97 97 97 97 97 97 97 97 97 97 97 97 97 97
 97 97 97 97 97 97 97 97 97 97 97 97 97 97 97 97 97 97 97 97 97 97 97 85
 97 97 97 97 97 97 97 97 97 97 97 97 97 97 97 97 97 97 97 97 97 97 97 97
 97 97 97 97 97 97 85 97 97 97 97 97 97 97 97 97 97 97 97 97 97 97 97 97
 97 97 97 97 97 97 97 97 97 97 97 97 97 97 97 97 97 97 97 97 97 59 97 97
 97 97 97 97 97 97 97 86 97 97 97 97 97 97 97 97 97 97 97 97 97 97 97 97
 97 97 97 97 97 97 97 97 72 97 97 97 97 97 97 97 97 97 97 97 97 97 97 97
 97 97 97 97 97 97 97 97 97 97 97 97 96 97 97 97 92 97 97 97 97 74 97 97
 97 97 97 97 97 97 97 97 97 97 97 97 97 97 97 97 97 97 97 79 97 97 97 97
 97 97 97 97 97 97 97 97 92 97 97 97 97 97 97 97 97 97 97 97 97 45 97 97
 97 97 97 97 97 97 97 97 97 97 97 97 97 97 97 97 97 97 97 97 97 97 97 97
 97 97 97 97 97 97 97 97 97 97 97 97 97 97 97 97 82 97 97 97 97 97 97 97
 97 97 97 97 97 97 97 97 97 97 97 97 97 97 97 97 97 97 97 97 97 97 97 97
 97 97 97 97 97 97 97 97 97 97 97 97 97 97 97 97 97 97 82 97 97 97 97 97
 97 97 97 97 97 97 97 97 97 97 97 97 97 97 97 97 97 97 97 97 97 97 97 97
 97 97 97 97 97 97 97 97 97 97 97 97 97 97 97 22 97 97 97 97 97 97 97 97
 97 97 97 97 97 97 97 97 97 97 97 97 97 97 97 97 97 97 97 97 97 97 97 97
 97 97 97 97 97 97 97 97 97 97 97 97 97 97 97 97 97 97 97 97 97 97 97 97
 97 97 97 97 97 97 97 97 97 97 97 97 97 97 97 97 97 97 97 97 97 97 97 97
 97 97 97 97 97 97 97 97 97 97 97 97 97 97 97 97 97 97 97 97 34 97 97 97
 97 97 97 97 97 34 97 97 97 97 97 97 97 97 97 97 84 97 97 97 97 97 97 97
 97 97 97 97 97 97 97 97 97 97 97 65 97 97 97 97 97 97 97 97 97 97 97 97
 97 97  4 97 97 97 97 97 97 97 97 97 97 27 97 97 97 97 97 97 97 97 97 97
 97 97 97 97 97 97 97 97 97  2 97 97 97 97 97 97 97 97 97 97 97 97 97 97
 97 97 97 97 97 97 97 97 75 97 97 97 97 97 97 97 97 97 97 97 97 97 97 97
 97 97 97 97 97 97 97 97 97 97 97 97 97 97 97 97 97 68 97 97 97 97 97 97
 97 97 97 97 97 97 97 97 97 97 97 36 97 97 97 97 97 97 97 97 97 97 97 97
 97 97 97 97 97 97 97 97 97 97 97 97 97 97 97 97 97 97 97 97  1 97 97 97
 97 97 97 97 97 97 97 97 97 97 97 97 97 97 97 97 97 97 97 97 97 97 97 97
 97 97 97 97 97 97 97 97 97 97 97 97 97 97 97 97 97 97 97 97 97 97 97 97
 97 97 26 97 97 97 97 97 97 97 97 97 97 97 97 97 52 97 97 97 97 97 97 97
 97 97 97 97 97 97 97 97 97 97 97 97 97 97 97 97 97 97 97 97 97 97 97 97
 97 97 97 97 97 97 97 97 97 97 97 97 97 97 97 97 97 97 97 97 97 97 97 97
 17 97 97 97 97 97 97 97 78 97 97 97 97 79 97 97 97 75 97 97 40 97 97 97
 97 97 97 97 97 97 98 97 97 97 97 97 97 97 97 97 97 97 97 97 97 97 97 97
 29 97 97 97 97 97 97 97 97 97 97 97 97 97 97 97 97 97 97 97 97 97 97 97
 97 97 97 97 97 97 97 97 97 40 97 97 97 97 97 97 97 97 97 97 97 97 97 97
 97 97 93 97 97 97 97 97 97 97 97 97 97 97 97 97 97 97 97 97 97 97 97 97
 97 97 97 97 97 97 97 97 97 97 97 97 97 97 97 97 97 97 97 97 97 97 97 97
 97 97 97 97 97 52 97 97 97 97 97 97 97 97 97 97 97 97 97 97 97 97 97 97
 97 97 97 97 97 97 97 97 97 97 97 97 97 97 97 97 97 97 97 97 97 97 97 97
 60 97 97 97 97 97 97 97 97 97 97 97 97 97 97 97 97 97 97 97 97 97 97 97
 97 97 97 97 97 97 97 97 97 97 97 95 97 97 97 97 97 94 97 97 97 97 97 97
 97 97 97 97 97 97 97 97 97 97 97 97 97 97 97 97 97 97 97 97 97 97 97 97
 97 97 97 97 97 97  9 97 97 97 97 97 97 97 97 97 97 97 97 97 97 97 97 97
 97 97 97 23 97 97 97 97 97 97 97 97 97 97 97 97 97 97 97 97 97 97 97 97
 97 97 97 97 97 88 97 97 97 97 97 97 97 97 97 97 97 97 97 97 97 97 97 97
 63 97 97 97 97 97 97 97 97 97 97 97 97 97 97 97 97 97 97 97 97 97 97 97
 97 97 97 97 97 97 97 97 97 97 97 97 97 97 97 97 97 97 97 97 97 97 97 97
 97 97 97 97 97 97 97 97 97 97 97 97 97 97 97 95 97 97 97 97 97 97 97 97
 97 97 97 97 97 22 97 97 97 97 86 97 97 97 97 97 97 97 58 97 97 97 97 97
 97 97 97 97 97 97 97 97 97 97 97 97 97 97 97 97 97 97 97 97 97 97 97 97
 97 97 97 97 97 97 97 97 97 97 97 97 97 97 97 97 97 97 97 97 97 97 97 97
 97 97 97 97 97 97 97 97 97 97 97 97  3 97 97 97 85 97 73 97 97 97 97 97
 97 97 97 97 97 97 97 97 97 97 97 97 97 97 97 97 97 97 97 97 97 97 97 97
 97 97 97 97 97 97 97 97 97 97 97 97 97 97 97 20 97 97 97 97 97 97 97 97
 97 97 97 97 97 97 97 97 97 97 97 97 97 97 97 97 97 97 97 97 97 97 97 97
 97 97 97 97 97 68 97 97 97 97 97 97 97 97 97 97 97 97 97 97 97 97 97 97
 97 97 97 97 97 97 97 97 97 97 97 97 97 97 97 97 97 97 97 97 97 97 97 97
 97 97 97 97 97 97 97 97 97 97 97 97 97 97 97 97 97 97 97 97 97 97 97 97
 97 97 97 97 11 97 97 97 97 97 97 97 97 97 97 21 97 97 97 97 97 97 97 97
 97 97  3 71 97 97 97 97 97 97 97 97 97  0 97 97 97 97 97 97 97 67 15 97
 97 97 97 97 97 97 85 97 97 97 97 97 97 97 97 97 97 97 97 97 97 97 97 97
 80 97 97 97 97 97 97 97 97 97 97 97 97 97 97 97 97 97 97 97 97 97 97 97
 97 97 97 97 97 97 97 97 97 97 97 97 97 97 97 97 97 97 97 97 97 97 97 97
 97 97 97 97 97 97 97 97 97 45 82 97 97 97 97 97 97 97 97 97 97 97 17 97
 97 97 97 97 97 97 97 97 97 97 97 89 97 97 62 97 97 97 97 97 97 97 97 97
 97 97 97 97 97 97 97 97 97 97 97 97 97 97 97 97 97 45 97 97 97 97 97 97
 97 97 97 97 97 97 97 97 97 97 97 97 97 97 16 97 97 97 97 97 97 97 97 97
 97 97 97 97 71 97 97 97 97 97 97 97 97 97 97 97 97 97 97 97 97 97 97 97
 97 97 97 97 97 97 97 97 97 97 97 97 97 97 97 97 97 97 97 88 97 97 97 97
 97 97 97 97 97 97 97 97 97 97 97 97 97 97 97 97 97 97 97 97 83 97 97 97
 97 97 17 97 97 97 97 97 97 97 97 97 97 97 37 97 97 97 97 97 97 97 97 97
 97 97 97 97 97 97 97 97 97 97 97 97 97 97 97 97 97 97 97 97 97 97 97 97
 97 97 97 97 97 97 34 97 97 29 97 97 29 97 97 97 97 97 97 97 97 97 97 97
 97 97 97 97 97 97 97 97 97 97 97 97 97 97 97 97 97 97 97 97 97 97 97 97
 97 97 97 97 97 97 97 97 97 97 97 13 97 97 97 97 97 97 97 97 97 97 97 97
 97 97 97 97 97 97 97 97 97 97 97 97 97 97 97 97 97 97 97 97 97 82 99 97
 97 65 97 97 97 97 97 97 97 97 97 97 97 97 97 97 97 97 97 97 97 97 97 97
 97 97 97 97 97 97 97 97 97 97 97 97 97 97 97 97 97 97 97 97 97 97 97 97
 97 30 97 97 97 97 97 97 97 97 97 97 97 97 97 97 97 97 97 97 75 97 97 97
 97 97 97 97 97 97 97 97 97 97 97 97 97 97 97 97 97 97 97 97 97 97 97 97
 97 97 97 97 97 97 97 97 97 99 97 97 97 97 97 97 97 97 97 97 97 97 97 97
 97 97 97 97 97 97 97 97 97 97 97 97 97 97 97 97 97 97 97 97 97  5 97 82
 97 97 97 97 97 97 97 97 97 97 97 97 97 97 97 97 97 97 97 97 97 97 97 97
 97 97 97 97 23 97 97 97 97 97 97 97 97 97 97 97 97 97 97 97 97 97 97 97
 97 97 97 97 97 97 97 97 97 97 97 97 97 97 97 97 97 97 97 97 97 97 97 97
 97 97 84 97 97 97 97 97 97 97 97 97 99 97 97 97 97 97 97 97 97 97 97 97
 97 97 97 97 97 97 97 97 97 97 97 97 97 61 97 97 85 97 97 97 97 97 97 97
 97 97 97 34 97 35 97 97 97 97 97 97 97 97 97 97 97 97 97 97 97 75 97 97
 97 97 97 97 97 97 97 97 97 97 97 97 97 97 40 97 97 97 97 97 97 97 97 97
 97 97 97 97 97 97 97 97 97 97 97 97 97 97 97 97 97 97 97 97 97 97 97 97
 97 88 97 97 97 97 97 97 97 97 97 97 97 97 97 97 97 97 97 97 97 97 97 97
 97 97 97 97 97 97 76 97 97 97 97 96 97 97 97 97 97 97 97 97 97 97 97 97
 97 97 97  0 97 97 97 97 97 97 97 97 73 97 97 97 97 97 97 97 97 97 97 97
 97 97 97 97 97 97 97 97 97 97 97 97 97 97 97 97 97 97 97 97 97 97 97 97
 97 97 97 97 97 97 97 97 97 97 97 97 97 97 97 97 97 97 97 97 97 97 97 97
 97 97 97 97 97 97 97 97 97 97 97 97 97 97 97 97 97 97 97 97 97 97 97 97
 97 97 97 97 97 97 88 97 97 97 97 97 97 97 97 62 97 97 97 97 97 97 97 97
 97 97 97 97 97 97 97 97 97 97 97 97 97 97 97 97 97 97 97 97 97 97 97 97
 97 97 97 97 97 97 97 97 97 97 97 97 97 97 97 97 97 97 97 97 97 97 97 97
 97 97 97 97 97 97 97 97 97 97 97 97 97 97 97 99 97 97 97 97 97 97 97 97
 97 97 97 97 97 97 97 97 97 97 97 97 97 97 97 97 97 97 97 97 97 93 97 97
 97 97 97 97 97 97 97 97 72 97 97 97 97 10 97 97 59 97 97 97 97 97 97 97
 16 97 97 97 97 97 97 97 97 97 97 97 97 97 97 97 97 97 97 97 97 97 97 97
 97 97 97 97 69 82 24 97 97 97 97 97 97 97 97 97 97 97 97 97 97 97 96 97
 97 97 97 97 97 97 97 97 97 97 97 97 97 97 97 97 97 97 97 97 97 97 97 97
 97 97 97 97 97 97 97 97 97 97 97 97 97 97 97 97 34 97 97 97 97 97 97 97
 97 97 97 97 97 97 97 97 97 97 97 97 97 97 97 97 97 97 97 97 97 97 97 97
 97 97 97 97 97 85 97 97 97 97 97 97 97 97 97 97 97 97 97 97 97 53 97 97
 97 97 97 97 97 97 97 97 97 97 97 97 97 97 97 97 97 97 97 97 97 97 97 97
 97 97 97 97 97 97 97 97 97 97 97 97 97 97 97 97 97 97 97 97 97 97 97 97
 97 97 97 97 97 97 97 92 97 97 97 97  3 97 97 97 97 97 97 97 97 97 97 97
 97 97 97 97 97 97 97 97 97 97 97 97 97 97 97 97 97 97 97 97 97 58 97 97
 97 97 97 97 97 97 97 97 97 97 97 97 97 97 97 97 34 34 97 97 97 97 97 97
 97 97  7 97 97 97 97 97 97 97 97 97 97 87 97 97 97 97 97 97 97 97 97 97
 97 97 97 97 97 97 97 80 97 97 97 97 97 97 97 97 97 97 97 97 97 93 97 97
 97 97 97 97 97 97 97 97 97 97 97 97 97 97 97 97 97 97 97 97 97 97 97 97
 97 97 42 97 97 97 97 97 97 71 97 97 97 97 97 97 58 97 97 97 97 97 97 97
 97 97 97 97 97 97 97 97 97 97 97 97 97 97 97 97 97 97 97 97 97 97 97 97
 97 97 97 97 97 97 97 97 97 97 48 97 97 97 97 97 97 82 97 97 97 97 97 97
 97 97 97 97 97 97 97 97 97 97 97 97 97 97 97 97 97 97 97 97 97 97 97 97
 97 97 97 97 97 97 97 97 97 97 97 97 97 97 97 97 97 97 97 97 97 97 97 97
 97 97 97 97 97 97 97 97 97 97 97 97 97 97 97 97 97 97 97 34 97 97 97 97
 97 97 97 22 97 99 97 97 97 97 97 97 97 97 97 97 97 97 97 97 97 97 97 97
 97 97 97 97 97 97 97 97 97 97 97 82 97 97 97 97 97 97 97 97 97 97 97 97
 97 97 97 97 97 97 97 97 97 97 97 97 97 97  0 37 97 97 97 97 97 97 97 97
 97 97 97 97 97 97 97 97 97 97 97 97 97 97 97 97 97 97 97 97 91 97 97 97
 97 97 97 97 97 97 97 97 97 97 97 97 97 97 97 97 97 97 97 97 97 97 97 97
 97 97 97 97 97 97 97 97 97 97 97 97 97 97 97 97 97 97 97 97 97 97 97 97
 97 97 97 97 97 97 97 97 97 97 97 97 97 97 97 97 97 97 97 97 97 97 35 97
 97 97 97 97 97 97 97 97 97 12 97 97 97 97 97 97 97 97 97 97 97 97 97 97
 97 68 97 97 97 68 97 97 97 99 97 99 97 97 97 97 97  5 97 97 97 97 99 83
 97 97 97 97 76 97 97 89 97 97 97 97 97 97 97 97 97 97 97 97 97 97 97 97
 97 97 97 97 97 97 97 97 97 97 97 97 97 97 97 97 16 97 97 97 97 97 97 97
 97 97 97 97 97 97 97 97 97 97 97 97 97 97 97 97 97 97 97 97 97 97 97 97
 97 97 97 34 97 97 97 97 97 97 97 97 97 97 97 97 97 97 97 97 97 97 97 97
 97 97 97 97 97 97 97 97 97 97 97 97 97 97 97 97 97 97 97 62 97 97 97 97
 97 97 97 97 97 97 97 97 97 97 97 97 97 97 97 97 97 97 97 97 97 97 97 97
 97 97 97 97 97 97 97 97 97 97 97 97 97 97 97 97 97 99 97 97 97 97 97 97
 97 97 97 97 97 97 97 97 97 97 89 97 97 97 97 97 97 97 97 97 97 97 97 97
 97 97 97 97 97 97 97 97 77 97 97 97 97 97 97 97 97 97 97 97 97 97 97 97
 97 97 97 97 97 97 97 97 97  8 97 97 97 97 97 97 97 97 97 98 98 97 97 97
 97 97 97 97 97 97 97 97 97 97 97 97 97 97 97 97 97 97 97 97 97 78 97 97
 97 97 97 97 97 97 57 97 97 97 97 97 97 97 97 97 97 97 97 97 97 97 97 97
 97 97 97  5 97 97 97 97 97 97 97 97 97 97 97 42 97 97 97 97 97 97 97 97
 97 97 97 97 97 97 97 97 97 97 97 97 97 97 97 97 97 97 97 97 97 97 97 97
 97 97 97 97 97 97 49 86 97 97 97 97 97 97 97 97 97 97 97 97 97 97 62 97
 97 97 97 97 97 97 97 97 97 97 97 97 97 97 97 97 97 97 97 97 97 97 68  1
 97 97 97 97 97 97 97 97 97 97 97  6 97 93 97 97 97 97 97 97 97 97 97 97
 96 97 97 97 97 97 97 97 97 97 97 97 97 97 97 97 97 97 97 97 97 97 97 97
 97 97 85 97 97 97 97 97 97 97 97 97 97 97 97 97 97 97 97 97 97 85 97 97
 97 97 97 97 97 97 97 97 97 97 97 97 97 97 97 97 97 97 97 97 97 97 97 97
 97 97 97 97 97 97 97 97 97 97 97 97 97 92 97 97 97 97 97 97 97 97 97 97
 97 97 97 97 97 97 97 97 97 97 97 97 97 97 97 97 97 97 97 97 97 97 97 97
 97 97 97 97 97 97 97 97 97 97 97 97 97 97 97 97 97 97 97 97 97 97 97 97
 97 97 97 97 97 97 97 97 97 97 97 97 97 97 97 97 97 97 97 97 97 97 97 97
 97 97 97 97 97 97 97 97 97 97 97 97 97 97 97 97 97 97 97 97 97 97 97 97
 97 97 97 97 97 97 97 97 97 97 97 97 97 97 97 97 97 97 97 85 97 97 97 97
 97 97 97 97 97 97 85 97 97 97 97 97 97 97 97 97 97 97 97 97 97 97 97 97
 97 97 97 97 97 97 97 97 97 97 97 97 97 97 97 97 97 97 97 97 97 97 97 97
 97 97 97 97 97 97 97 97 97 97 57 97 97 97 97 97 97 97 97 97 97 97 97 97
 97 97 97 97 97 97 97 97 97 97 97 97 97 97 97 97 97 97 62 97 97 97 97 97
 97 97 97 97 97 97 97 82 93 97 97 97 97 35 97 97 97 97 97 97 97 97 97 97
 97 97 97 97 97 97 97 97 97 97 97 97 97 97 97 97 97 97 97 97 97 97 97 88
 97 97 97 97 97 97 97 97 97 97 97 97 97 97 97 97 97 97 97 97 97 97 97 97
 97 97 97 97 97 97 97 97 97 97 97 97 61 97 97 97 97 97 97 97 97 97 97 97
 97 97 97 97 97 97 97 97 97 97 97 97 88 97 97 97 97 97 97 97 97 97 97 97
 97 97 97 65 97 97 97 97 97 97 97 96 97 97 97 97 97 97 97 97 97 97 97 97
 97 59 97 97 97 97 82 97 97 97 97 97 97 97 97 97 97 97 97 17 97 97 97 97
 34 34 97 97 97 97 97 97 97 97 97 97 97 97 97 97 97 97 97 97 97 97 97 97
 97 97 97 97 97 97 97 97 97 97 97 97 97 97 97 97 97 97 97 97 97 97 97 97
 97 97 97 97 97 97 97 97 97 97 97 97 97 97 97 97 97 97 97 97 97 97 97 97
 97 97 97 97 97 97 97 97 97 97 97 97 97 97 97 97 97 97 97 97 97 97 97 97
 97 97 97 97 97 97 97 97 97 97 97 97 97 97 97 97 97 97 97 97 97 97 92 97
 97 97 97 97 97 97 97 97 97 97 97 97 97 97 97 97 97 97 97 97 97 97 97 97
 97 97 97 97 97 97 97 97 97 97 97 97 97 97 97 97 97 97 97 97 97 97 97 97
 97 97 97 97 97 97 97 97 97 97 97 97 97 97 97 97 97 97 97 97 97 15 97 97
 97 97 97 97 97 86 97 97 97 97 97 22 97 97 97 97 97 97 89  4 97 97 97 97
 97 74 97 97 97 97 97 97 97 97 97 97 97 97 97 97 97 97 97 97 97 97 97 97
 10 97 97 97 46 97 97 97 97 97 97 97 97 97 97 73 97 97 97 97 97 97 97 97
 97 97 97 97 97 97 97 97 97 97 97 97 84 97 97 97 97 98 97 97 97 97 97 97
 97 97 97 97 97 97 97 97 97 97 97 97 97 97 97 97 97 97 97 97 97 97 97 97
 97 97 97 97 97 97 97 97 97 97 97 97 97 97 97 97 97 97 97 97 97 97 97 97
 97 97 97 97 97 97 97 97 58 97 97 97 96 97 97 97 97 97 97 97 97 97 97 97
 97 97 97 97 97 97 97 97 97 97 97 97 97 97 97 97 97 97 97 97 97 97 97 97
 97 97 97 97 97 97 97 97 97 97 94 97 85 97 97 97 97 97 97 97 97 97 97 94
 97 97 97 97 97 97 97 97 97 97 97 97 97 97 97 97 97 97 97 52 97 97 97 97
 97 97 97 97 97 97 97 97 97 97 97 97 97 97 97 97 97 97 97 97 97 97 97 97
 97 97 97 28 97 97 82 97 97 97 97 97 97 97 97 97 97 97 97 97 97 97 97 97
 97 97 97 97 97 97 97 97 97 97 97 97 97 97 97 97 97 97 97 97 97 97 97 97
 97 97 97 97 84 97 97 97 97 97 97 64 94 97 97 97 97 97 97 97 45 97 97 97
 97 97  8 97 97 97 97 97 97 97 97 97 97 97 26 97 97 97 97 97 97 97 97 97
 97 97 97 97 97 97 97 97 97 97 97 97 97 97 97 97 97 97 97 97 97 97 97 97
 97 97 97 97 97 97 97 97 97 97 97 97 97 97 97 97 97 97 97 97 97 97 97 97
 97 97 97 97 96 97 97 97 97 97 97 85 98 97 97 97 97 97 97 97 97 97 97 97
 97 97 97 97 97 97 97 97 97 97 72 97 97 97 97 97 97 97 97 97 97 97 97 97
 97 97 97 97 97 97 97 97 97 97 97 97 97 97 97 97 97 97 97 97 97 85 97 97
 97 97 97 97 97 11 97 97 97 97 97 97 97 97 97 97 97 97 97 97 97 97 97 97
 97 97 97 97 97 97 97 97 97 97 97 78 97 97 97 97 97 97 97 97 97 17 97 97
 97 97 97 97 97 97 97 97 97 97 97 97 86 97 97 97 97 97 97 97 97 97 97 97
 97 97 97 97 97 97 97 97 97 97 97 97 97 97 97 97 97 97 97 97 97 97 97 97
 97 97 97 97 97 97 97 97 72 97 97 97 97 97 97 97 97 97 97 97 97 97 97 97
 97 97 97 97 97 97  0 97 97 97 97 97 52 97 97 97 97 97 97 97 97 97 97 97
 97 97  5 97 97 97 97 97 97 97 97 97 97 97 97 97 97 97 97 97 97 37 97 97
 97 97 97 97 97 84 97 97 97 97 97 97 97 97 97 97 97 90 97 82 97 97 97 97
 97 97 97 97 97 97 97 97 97 97 97 97 97 97 97 97 97 97 97 97 97 97 97 97
 97 97 97 97 97 97 97 97 97 97 89 97 97 97 97 97 97 32 97 14 97 97 97 97
 97 97 97 97 97 97 97 97 97 97 97 97 97 97 97 97 97 97 97 97 11 97 97 97
 97 97 97 97 97 97 97 97 97 97 97 97 97 97 97 97 97 97 97 97 97 97 97 97
 97 97 97 20 97 97 97 97 97 97 97 97 97 97 97 97 97 97 97 97 97 97 97 97
 97 97 97 97 94 97 97 97 97 97 97 97 97 97 97 97 97 97 97  1 97 97 97 97
 97 97 97 97 97 97 97 97 97 97 97 97 97 97 97 97 97 97 97 97 97 97 97 97
 97 76 97 97 97 97 97 97 97 97 97 97 97 97 97 97 97 97 97 97 97 97 97 97
 97 97 97 97 97 97 97 97 97 97 97 97 97 97 97 97 97 97 97 97 97 97 97 97
 97 97 97 97 82 97 97 65 97 97 97 97 97 97 97 97 97 97 97 97 97 97 97 97
 97 97 92 97 97 97 97 98 97 97 97 97 97 97 67 97 97 97 97 97 97 97 97 97
 97 97 97 97 97 97 97 97 97 97 97 97 97 97 97 97 97 97 50 97 97 97 97 97
 97 97 97 97 97 97 97 97 97 97 97 97 97 97 12 97 97 97 97 97 97 97 97 97
 97 97 97 97 44 97 97 97 97 97 97 97 97 97 97 97 97 97 97 97 97 97 74 97
 97 97 97 97 97 97 97 97 97 97 97 97 97 97 97 97 97 97 97 97 97 97 97 97
 97 85 97 97 97 97 97 97 97 97 97 89 97 97 97 97 97 97 97 97 97 97 95 97
 97 97 97 97 97 97 97 97 97 97 97 97 97 97 97 97 97 97 68 97 68 97 97 97
 85 97 97 97 97 97 97 18 97 97 97 97 97 97 97 97 97 97 97 97 97 97 97 97
 97 97 97 97 97 97 97 97 97 97 97 97 88 97 97 97 97 97 97 97 97 97 97 97
 97 97 97 97 97 97 97 97 97 97 97 97 97 97 97 97 97 97 97 97 97 97 97 97
 97 97 97 97 97 97 97 97 97 98 97 97 97 97 97 97 97 97 97 97 97 97 12 97
 97 97 97 97 97 97 97 97 97 97 97 97 97 97 97 97 97 97 97 97 97 97 97 97
 97 97 97 97 97 97 97 88 97 97 97 97 97 97 97 97 97 97 97 97 97 97 97 97
 97 97 97 97 97 97 97 97 97 97 97 97 97 97 97 97 97 97 97 97 97 97 97 97
 97 97 97 97 97 97 97 97 97 97 97 97 97 97 97 97 97 97 99 97 97 97 97 97
 97 97 97 97 97 97 97 97 97 97 97 97 38 95 97 97 97 97 97 97 97 97 97 97
 97 82 97 97 97 97 97 97 84 97 97 97 78 97 97 97 97 97 97 97 97 97 97 97
 97 97 97 97 97 97 97 97 97 68  5 97 97 97 97 97 97 97 97 97 97 97 97 97
 97 97 97 97 97 97 97 97 97 97 97 97 97 97 97 97 97 97 97 97 97 97 97 97
 97 97 97 97 97 97 97 97 97 97 97 97 97 97 97 97 97 97 97 97 33 97 97 97
 97 97 97 97 97 97 97 97 97 97 97 97 97 97 97  3 97 97 97 97 97 97 97 97
 97 97 97 97 97 97 97 97 97 97 97 97 97 97 97 97 97 97 97 97 97 97 97 97
 97 97 97 97 97 97 97 97 64 97 97 97 97 97 97 97 97 97 97 97 97 97 97 97
 97 97 97 97 97 97 97 97 97  4 97 97 97 83 97 97 97 97 97 97 97 97 97 97
 97 97 85 97 44 97 97 97 97 97 97 97 97 97 97 97 97 97 97 97 97 97 97 97
 97 97 97 97 97 97 97 97 97 97 97 97 97 97 55 97 97 97 97 82 97 97 97 97
 97 97 97 97 97 97 97 97 97 97 97 97 97 97 97 97 97 97 97 97 97 97 97 97
 97 97 97 97 97 97 97 97 97 97 97 97 97 97 97 82 97 97 97 82 97 97 94 97
 97 97 97 97 97 97 97 97 97 97 97 97 97 97 26 97 97 97 97 97 97 97 97 97
 97 97 97 97 97 97 97 57 97 97 97 97 97 97 97 97 97 97 97  9 97 97 97 97
 97 97 97 97 97 97 97 97 97 97 97 97 97 97 97 54 97 97 97 97 97 97 97 97
 97 97 97 97 97 97 97 97 97 97 97 97 97 97 97 97 97 97 97 97 97 97 97 97
 97 97 97 97 97 97 13 97 97 97 97 97 97 97 97 97 97 97 97 25 97 97 97 97
 97 97 97 97 97 97 50 97 97 97 90 97 97 97 97 97 97 32 97 97 97 97 97 97
 97 24 97 97 97 15 97 97 97 97 97 97 97 97 97 97 97 97 97 97 97 97 97 97
 97 97 97 97 97 97 97 97 97 97 97 97 97 97 97 97 97 97 97 97 97 97 97 97
 97 97 97 97 97 97 97 97 97 82 97 97 97 97 97 97 97 97 97 97 97 97 97 97
 97 97 97 97 97 97 97 97 97 97 97 97 82 97 97 97 97 97 97 97 97 97 97 97
 97 97 97 97 97 97 97 97 97 97 97 97 97 97 97 97 97 97 69 97 97 97 97 97
 97 93 97 97 48 97 97 97 97 97 97 97 97 97 97 97 97 97 97 97 97 97 97 97
 97 97 97 97 97 97 97 97 97 97 97 97 83 97 97 97 97 97 97 97 86 97 97 97
 97 97 76 97 97 97 97 97 97 97 97 97 15 97 97 97 97 97 97 97 97 97 97 97
 97 97 97 97 97 97 97 97 97 97 97 82 97 97 97 97 97 97 97 97 97 97 97 97
 97 97 97 97 97 97 97 97 97 97 97 97 97 97 97 97 97 97 97 97 97 97 97 97
 34 97 97 97 89 97 97 97 97 97 97 97 97 97 97 97 97 97 97 97 97 97 97 97
 97 97 97 97 97 23 97 97 33 97 97 97 97 67 97 97 97 97 97 34 48 97 97 97
 97 97 97 97 97 97 97 97 97 97 97 97 97 97 97 97 97 97 97 97 97 97 97 97
 97 97 97 97 97 97 97 97 97 97 97 97 97 97 97 97 97 97 97 97 97 97 97 97
 97 97 97 97 97 97 97 97 97 97 97 97 99 97 97 97 97 97 97 97 97 97 97 97
 34 97 97 97 97 97 97 97 97 97 97 97 97 97 97 97 97 97 97 97 97 97 97 97
 97 97 68 97 97 97 97 97 97 97 97 97 97 97 99 97 97 97 97 97 97 97 97 97
 97 97 97 97 97 97 97 97 97 97 97 97 97 97 16 97 97 97 97 97 97 97 97 97
 97 97 97 97 97 97 97 97 97 97 97 97 97 97 97 97 97 97 97 97 97 97 97 97
 97 97 97 97 97 97 97  0 97 97 97 97 97 97 97 97 97 97 97 97 97 97 97 97
 97 97 97 97 97 97 97 97 68 97 97 97 97 97 97 97 97 97 97 97 97 97 97 66
 97 97 97 97 97 97 97 97 97 97 97 99 69 97 97 97 97 97 97 97 97 97 97 97
 97 97 97 97 97 97 97 97 97 97 97 97 97 97 97 97 97 97 97 97 97 97 97 97
 86 97 97 97 97 97 97 97 97 97 97 97 97 97 97 97 97 97 97 97 97 97 97 97
 97 97 97 97 97 97 15 97 97 97 82 97 97 97 97 97 97 97 97 97 97 97 97 97
 97 97 97 97 97 97 97 97 97 97 97 97 97 97 97 97 97 97 97 97 97 97 97 97
 97 97 97 97 97 97 97 20 97 97 97 97 97 97 97 97 97 97 97 97 97 97 97 97
 97 97 97 97 97 97 97 97 97 97 97 97 97 97 97 97 97 97 97 97 97 97 97 97
 97 97 97 93 97 12 81 97 97 97 97 97 97 97 97 97 97 97 97 97 97 97 97 97
 97 97 97 97 97 97 97 97  2 97 97 97 97 97 97 97 99 97 97 97 97 97 97 97
 97 97 97 97 97 97 97 97 97 97 97 97 97 97 97 97 97 89 97 97 97 97 97 97
 97 97 97 97 97 97 97 97 97 97 97 97 97 89 97 97 97 97 97 97 97 97 89 97
 97 97 97 97 97 75 97 97 97 97 97 97 97 97 97 97 97 97 97 19 19 97 97 97
 97 97 97 97 97 97 97 97 97 97 97 97 97 97 97 97 97 97 97 97 97 97 89 97
 97 97 97 97 97 97 97 97 97 97 97 97 97 97 97 97 97 97 97 97 97 97 97 97
 97 97 97 97 97 97 97 97 97 97 97 97 97 97 97 97 97 97 97 97 64 97 97 97
 97 97 97 97 97 97 97 97 97 97 97 97 26 97 97 97 97 97 97 97 97 97 97 97
 97 97 97 97 97 97 97 97 97 97 97 97 97 85 97 97 97 97 97 97 97 97 97 97
 97 97 97 97 97 97 97 97 97 97 97 97 97 97 97 97 97 97 97 97 97 97 97 97
 97 97 97 97 97 97 97 97 97 97 97 97 97 97 97 97 97 97 97 97 97 97 97 97
 97 97 97 97 97 97 97 94 97 97 97 97 97 97 97 97 97 97 97 97 97 97 97 97
 43 97 97 97 97 97 97 97 97 97 97 97 97 97 97 97 97 97 97 97 97 97 97 97
 97 97 97 97 97 97 97 97 97 97 97 97 18 97 97 97 97 97 97 97 97 97 97 97
 97 97 97 97 97 97 97 97 97 97 97 61 96 97 97 97 97 97 97 97 62 97 97 97
 97 97 97 97 97 97 97 97 97 97 97 97 97 97 97 97 97 97 97 97 97 97 97 97
 97 97 97 97 97 97 97 97 17 97 97 97 97 97 97 97 97 97 97 97 97 97 97 97
 97 97 97 97 97 97 97 97 97 12 97 97 97 97 97 97 97 97 97 97 97 97 97 97
 97 97 97 97 97 97 97 97 97 97 97 97 97 97 97 97 97 97 97 97 97 97 97 97
 97 97 97 97 97 97 97 97 97 97 97 97 97 97 97 97 97 97 97 97 97 97 97 97
 97 97 97 97 97 97 97 97 97 97 97 97 97 97 97 97 97 97 97 97 97 97 97 97
 97 97 97 97 97 97 97 97 97 97 97 97 97 97 55 97 97 97 97 97 97 97 97 97
 97 97 97 97 97 97 97 97 97 11 97 97 97 97 97 97 97 97 97 97 97 97 97 97
 97 97 97 97 97 97 97 97 97 97 97 97 97 97 97 93 97 97 97 97 97 97 97 97
 97 97 97 97 97 97 97 97 97 97 97 97 97 97 97 97 97 97 97 97 97 97 97 97
 97 97 97 97 97 97 97 97 97 97 97 97 97 97 97 97 97 97 97 97 97 97 97 97
 97 97 97 97 97 97 97 97 97 97 97 97 97 97 97 97 97 97 97 97 25 97 97 97
 97 62 97 97 97 97 97 97 97 97 97 97 97 97 66 97 88 97 97 97 97 97 97 97
 97 97 97 97 97 97 97 97 97 97 97 97 97 97 97 97 97 97 97 97 97 97 97 97
 97 37 97 97 97 97 97 97 97 97 97 97 97 97 97 97 97 97 97 97 97 97 97 97
 24 97 97 97 97 97 97 97 97 97 97 97 97 56 97 97 97 97 97 97 97 97 97 97
 97 97 97 97 97 97 97 97 97 97 97 97 97 97 97 97 97 97 97 97 97 97 97 97
 97 97 29 97 97 97 37 97 97 97 97 97 97 97 51 97 97 97 97 97 97 97 97 70
 97 97 97 97 97 97 97 97 97 97 97 97 97 97 85 97 97  2 97 42 97 97 97 97
 97 97 97 97 97 97 97 97 97 97 97 97 97 97 97 97 97 97 97 97 97 97 97 97
 97 97 97 97 97 97 97 97 97 97 97 97 97 97 97 97 97 97 97 97 34 97 97 97
 97 97 97 97 97 97 97 97 97 97 97 97 97 97 97 44 97 97 97 97 97 97 97 97
 97 97 97 97 97 97 97 97 97 97 97 97 97 97 97 97 97 97 97 68 97 97 97 97
 97 97 97 97 97 97 97 97 97 97 97 97 97 97 97 97 97 97 97 97 97 97 97 97
 97 73 97 97 97 97 97 97 97 97 97 97 97 97 97 97 97 97 97 97 97 97 97 97
 97 97 97 97 97 97 97 97 97 97 97 97 97 97 97 97 97 97 97 97 97  0 97 97
 97 97 97 25 97 97 97 97 82 97 97 97 97 97 97 97 97 97 97 97 97 97 97 97
 97 97 97 97 97 97 97 97 97 97 97 97 97 97 97 97 97 97 97 97 97 97 97 97
 97 97 97 97 97 97 97 97 97 97 97 97 97 97  2 97 97 97 97 97 97 97 97 97
 97 97 97 97 97 97 97 51 97 97 97 97 97 97 97 97 97 97 97 97 97 97 97 97
 97 83 97 97 97 97 97 97 97 97 97 97 97 97 97 97 97 97 97 97 97 97 97 97
 97 97 97 97 97 97 97 97 82 97 97 97 97 97 97 97 97 97 97 97 97 97 97 97
 97 97 97 97 97 97 97 97 97 97 97 97 97 97 97 97 97 62 97 97 97 97 97 97
 97 97 97 97 97 97 97 97 97 97 97 97 97 97 97 97 97 97 97 97 97 97 97 97
 97 97 97 97 97 97 97 97 97 97 97 97 97 97 97 97 97 97 97 97 97 97 97 97
 97 97 97 97 97 97 97 97 97 97 97 97 97 97 97 97 97 97 97 97 97 97 97 97
 97 97 97 97 97 97 97 97 97 97 97 97 97 97 97 97 97 97 97 97 97 97 97 97
 97 97 97 90 97 97 85 97 97 97 97 97 97 97 97 97 97 97 97 97 97 97 97 97
 97 97 97 97 97 97 97 97 97 97 97 97 97 97 97 97 97 97 97 97 97 97 97 97
 97 97 97 97 97 35 97 97 97 97 97 97 97 97 97 97 97 97 97 97 97 97 93 97
 97 97 97 97 97 97 97 97 97 97 97 97 97  0 97 97 97 97 97 97 97 97 97 97
 97 97 97 97 97 97 97 97 97 97 97 97 97 97 97 97 97 97 97 97 97 97 97 97
 97 97 97 97 97 97 97 97 97 97 97 97 97 97 97 78 97 97 97 97 97 97 97 97
 97 97 97 97 97 97 97  5 97 97 97 97 97 97 97 97 97 97 97 97 97 97 97 97
 97 97 97 97 97 97 97 97 97 97 99 97 97 97 97 97 97 97 97 97 97 97 97 97
 97 97 97 97 97 97 97 97 97 97 33 97 97 97 97 97 97 97 97 97 97 97 97 89
 97 97 65 97 97 97 97 97 97 97 97 97 97 97 97 97 97 97 97 97 97 97 97 97
 97 97 97 97 97 97 97 97 97 83 97 97 97 97 97 97 97 97 97 97 97 97 97 97
 97 97 97 97 97 97 97 97 97 97 97 97 97 97 97 97 97 97 97 97 97 97 97 97
 97 97 97 97 97 74 97 97 97 97 97 97 97 97 97 97 97 97 97 97 97 97 97 97
 97 97 97 97 97 97 97 97 97 97 97 97 97 97 97 97 97 97 97 97 97 97 97 97
 97 97 97 97 97 97 97 97 97 97 97 97 97 97 97 97 97 97 97 62 97 97 97 97
 97 97 97 97 49 97 97 97 97 97 97 97 97 97 97 97 97 97 97 97 97 97 97 97
 97 97 97 97 97 97 97 97 97 97 57 97 97 97 97 97 97 97 97 97 97 97 97 97
 97 97 97 97 97 97 97 97 97 97 97 97 97 97 97 97 97 97 97 97 97 97 97 97
 97 97 97 97 97 97 97 97 97 97 97 97 97 24 97 89 97 97 97 97 97 97 97 97
 69 97 97 97 97 97 53 97 97 97 97 97 97 97 97 97 97 97 97 97 97 97 97 97
 97 97 97 97 97 97 97 97 97 97 97 97 97 97 97 97 97 97 97 97 97 97 97 97
 97 97 97 97 97 97 97 48 97 97 97 97 97 97 97 97 97 97 97 97 97 97 97 97
 70 97 97 97 97 97 97 97 97 35 97 97 97 97 97 88 97 97 97 97 97 89 97 97
 97 97 97 97 97 97 97 97 97 97 97 97 97 97 97 97 97 97 97 97 97 97 97 97
 97 97 97 97 97 97 97 97 97 97 97 97 97 97 97 97 97 97 97 97 97 97 97 58
 97 97 97 97 97 97 97 97 97 97 97 97 97 97 97 97 97 97 97 97 97 97 97 97
 97 97 97 97 97 97 97 97 97 97 97 97 97 97 97 97 97 97 97 97 97 97 97 97
 97 97 97 97 97 97 97 97 97 97 97 97 97 97 97 97 97 97 97 97 97 97 97 97
 97 97 97 97 97 97 97 97 97 97 97 97 97 97 97 97 97 97 97 97 97 97 97 97
 97 97 97 97 97 97 97 97 97 97 97 97 97 97 97 97 97 97 97 97 97 97 97 97
 97 97 97 97 97 99 97 97 97 97 97 97 97 97 97 97 97 97 97 97 97 97 97 37
 97 23 97 97 97 97 97 97 97 97 97 97 97 97 97 97 97 97 97 97 97 20 97 97
 97 97 97 97 97 97 99 97 97 97 97 97 97 97 97 97 97 97 97 97 97 97 97 97
 97 97 97 97 97 97 97 97 97 97 97 97 97 97 97 97 97 97 97 97 97 97 97 97
 97 97 97 97 97 97 97 97 97 97 97 97 97 97 97 97 97 97 97 97 97 97 97 97
 97 97 97 97 97 97 97 97 97 97 97 97 97 97 97 97 97 97 97 97 18 97 97 97
 97 97 97 97 97 97 97 97 97 97 97 97 97 97 97 97 97 97 97 97 97 97 97 97
 97 97 97 97 97 97 97 68 34 97 97 97 97 97 97 97 97 97 97 97 97 97 97 97
 97 97 97 97 97 97 97 97 97 97 97 97 97 97 97 97 97 97 97 97 97 97 97 97
 97 97 97 97 97 97 97 97 97 97 97 97 97 97 82 97 97 97 97 97 97 97 97 97
 97 97 97 97 97 97 97 97 97 97 97 97 97 97 97 97 97 97 97 97 97 97 97 74
 97 97 97 97 97 97 97 97 97 97 97 97 97 97 97 97 97 97 97 97 97 97 97 97
 97 97 97  9 97 97 97 97 97 97 97 97 97 97 97 97 97 97 97 97 97 97 97 97
 97 97 97 97 97 97 97 97 97 97 97 97 97 97 97 97 97 97 97 97 97 97 97 97
 97 97 97 97 97  6 97 97 97 97 97 97 97 97 15 97 97 97 97 97 97 97 97 97
 97 97 97 97 97 97 97 97 97 97 97 97 97 97 97 97 97 97 97 97 97 97 97 97
 97 97 97 97 97 97 97 97 97 97 97 97 97 97 97 97 97 97 10 97 97 97 97 97
 97 97 97 97 97 97 97 97 97 97 97 97 97 97 89 97 97 97 97 97 97 97 97 97
 97 97 97 97 97 97 97 97 97 97 97 97 97 97 97 97 97 25 97 97 97 97 97 97
 97 97 97 97 97 97 97 97 97 97 97 97 97 97 97 97 97 97 62 97 97 97 97 97
 97 97 97 82 97 97 97 97 97 97 97 97 97 97 97 97 97 97 97 97 97 97 97 97
 97 97 97 97 97 97 97 97 97 97 97 97 97 97 97 97 97 97 97 97 97 97 97 97
 97 97 97 97 97 97 97 97 97 97 97 97 97 97 97 97 97 97 97 97 97 97 97 97
 97 97 97 97 97 97 97 78 97 97 97 97 97 97 97 97 97 97 97 97 97 97 97 97
 97 97 97 97 97 97 97 97 97 97 97 97 27 97 97 97 97 97 97 97 97 97 97 97
 97 97 97 97 97 97 97 97 97 97 97 97 97 97 97 97 97 97 97 97 97 97 97 97
 11 97 78 97 97 97 97 97 97 97 97 97 97 97 97 97 97 97 97 97 97 97 97 97
 97 97 97 97 97 97 97 97 97 97 97 97 97 97 97 97 97 97 97 99 97 97 97 97
 97 97 97 97 97 97 97 97 97 97 21 97 97 97 97 97 97 97 97 97 97 97 97  8
 97 97 97 97 97 97 97 97 97 97 97 97 97 97 97 97 97 97 97 97 97 97 97 97
 97 97 97 93 97 97 97 97 97 97 97 97 97 97 97 97 97 97 97 97 97 97 97 97
 97 97  0 97 97 97 97 97 97 97 97 97 12 97 97 97 97 97 97 97 97 97 97 97
 97 97 97 97 97 97 97 97 97 96  3 97 97 97 97 97 97 97 97 97 97 97 97 97
 97 97 97 97 97 97 97 97 97 97 97 97 97 97 97 97 97 97 97 97  6 97 97 97
 97 97 97 97 97 97 97 97 97 97 97 97 97 97 97 97 97 97 97 97 97 97 97 97
 97 97 97 97 97 97 97 97 97 97 97 97 48 16 97 97 97 97 97 97 97 97 97 97
 97 97 97 97 97 72 97  0 97 97 97 80 97 97 97 97 97 97 97 97 97 97 97 36
 97 97 97 97 97 97 58 97 97 97 97 97 97 97 97 97 97 97 97 97 97 97 97 97
 97 97 97 97 97 97 97 97 97 97 97 97 97 97 97 97 97 97 97 97 97 99 97 97
 97 97 97 97 97 97 97 97 97 97 97 97 97 97 97 97 97 97 97 97 97 97 97 97
 97 97 97 97 97 97 97 97 97 97 97 97 97 97 97 97 97 97 97 97 97 97 97 97
 97 97 97 97 37 97 97 97 97 97 97 97 97 97 97 97 97 97 97 97 97 97 97 97
 97 97 97 97 97 97 97 97 97 97 97 97 97 97 97 97 97 30 30 97 97 97 97 97
 97 97 97 97 97 97 97 97 97 97 97 97 97 97 97 97 97 97 97 97 97 97 97 97
 97 97 97 97 97 97 97 97 97 97 97 97 97 97 97 97 97 97 97 97 97 97 97 97
 97 97 97 97 97 97 97 97 97 97 97 97 97 97 97 97 97 97 97 97 97 97 97 97
 97 97 97 97 97 97 97 97 97 97 97 97 97 97 97 97 85 97 97 97 97 97 97 97
 97 97 97 97 97 97 97 97 97 97 97 97 97 97 97 97 97 97 97 97 97 97 97 97
 97 97 97 97 97 97 97 97 97 97 97 97 98 97 97 97 97 97 97 97 97 97 97 97
 97 97 97 97 97 97 97 97 97 97 97 97 97 97 97 97 97 97 97 97 97 97 97 97
 97 97 97 97 97 97 97 97 97 97 97 97 97 97 97 97 97 97 97 97 97 97 97 97
 97 97 97 97 97 97 97 97 97 71 97 97 97 97 97 97 97 97 97 97 96 97 97 97
 97 97 97 97 97 78 97 97 97 97 97 97 97 97 97 97 97 97 97 97 97 97 97 97
 97 97 92 97 97 97 97 97 97 97 97 97 97 97 97 97 25 97 97 97 97 97 97 97
 97 97 97 97 97 97 97 97 97 97 97 97 97 97 97 97 97 97 97 97 97 97 97 97
 97 97 97 89 97 97 97 97 38 97 97 97 97 97 97 97 97 97 97 97 97 97 97 97
 97 97 97 97 97 97 97 97 97 97 97 97 97 99 97 97 97 97 97 97 97 97 97 97
 97 97 97 97 97 97 97 97 97 97 97 97 97 97 97 97 97 97 97 97 97 97 97 97
 97 97 97 97 97 97 97 97 97 97 97 97 97 97 97 97 97 97 97 97 97 97 97 97
 97 97 97 97 97 97 97 97 97 97 97 97 97 97 97 97 97 97 97 97 97 97 97 97
 97 97 97 97 97 97 97 97 14 97 97 97 97 49 97 97 97 97 97 97 97 97 97 97
 97 97 97 97 97 97 97 97 97 97 97 97 97 97 97 97 97 97 97 97 97 97 97 97
 97 97 97 97 97 97 97 97 97 97 97 97 97 97 97 97 97 97 97 97 97 97 97 97
 97 97 97 97 97 97 97 97 97 97 97 97 97 97 97 97 97 97 99 97 97 97 64 97
 97 97 97 97 97 97 97 97 97 97 97 97 97 97 97 97 97 97 97 97 97 97 97 97
 38 97 97 97 97 97 97 97 97 97 97 97 97 97 97 97 97 97 97 97 97 97 97 97
 97 97 97 97 97 38 97 97 97 97 97 97 97 97 97 97 42 97 71 97 97 97 97 97
 97 97 97 97 97 97 97 97 97 97 97 97 97 84 97 97 97 97 97 97 97 97 97 97
 97 97 97 99 97  4 97 97 97 97 97 97 97 97 97 97 97 97 97 97 97 97 97 97
 97 97 97 97 97 97 97 97 97 97 97 97 97 97 97 97 97 97 97 97 97 97 93 97
 97 97 97 97 97 97 97 97 97 97 97 97 97 97 97 31 97 97 97 97 97 97 97 97
 97 97 97 97 97 97 97 97 97 97 97 97 97 97 97 97 97 97 97 97 97 97 97 97
 97 97 97 97 97 97 97 97 97 97 97 97 97 97 97 97 97 97 97 97 97 53 97 97
 97 97 97 97 97 97 97 97 76 97 97 97 97 97 97 97 97 97 88 97 97 97 97 97
 97 97 97 97 97 97 97 97 60 97 97 97 97 88 97 97 97 97 97 97 97 97 97 97
 61 97 97 97 82 97 97 97 97 97 97 97 97 97 97 97 97 97 97 97 97 97 97 97
 97 97 97 97 62 99 97 97 97 97 97 97 97 97 97 97 97 97 97 97 97 97 97 97
 97 97 97 97 97 97 97 97 97 97 97 97 97 97 97 97 97 97 97 97 97 97 97 97
 97 97 97 97 97  5 97 97 97 42 97 97 97 97 97 97 97 97 97 97 97 97 97 97
 97 97 97 97 97 97 97 74 97 97 97 41 97 97 41 97 97 97 97 97 97 97 97 98
 97 97 97 97 97 97 97 97 97 97 97 97 97 97 97 97 97 97 97 97 97 97 97 97
 97 97 97 97 97 97 97 97 97 97 97 97 97 97 97 97 97 97 64 97 97 97 97 97
 97 97 97 97 97 97 97 97 97 97 97 97 41 97 97 97 97 97 97 97 97 97 97 97
 97 97 97 97 97 97 97 97  5 97 97 97 97 97 97 97 97 97 97 97 97 97 97 97
 97 97 97 97 97 97 97 97 97 97 97 97 97 97 97 97 97 97 97 97 97 97 97 97
 97 97 97 97 97 97 97 97 97 97 97 97 97 84 97 97 97 97 97 97 97 97 61 97
 97 97 97 97 97 97 97 97 97 97 97 97 97 38 97 97 97 97 97 97 97 97 97 97
 97 97 97 97 97 97 97 97 97 97 97 97 97 97 97 97 97 97 89 97 97 97 97 84
 97 97 97 97 97 97 10 97 97 97 97 97 97 97 97 97 97 97 97 97 97 97 97 97
 97 97 97 97 97 97 97 97 84 97 97 97 97 97 97 97 97 97 97 97 97 97 97 97
 97 97 97 97 97 97 97 97 97 97 97 97 97 97 97 97 97 97 97 97 97 97 97 97
 97 97 97 97 97 97 97 97 97 97 97 97 97 97  0 97 97 97 97 97 97 97 97 97
 97 97 97 97 97 97 97 97 97 97 97 97 97 97 97 97 97 97 97  5 97 97 97 97
 97 97 97 97 97 97 97 97 97 97 97 97 97 97 97 97 97 97 97 97 97 97 97 97
 97 97 97 97 97 97 97 97 97 97 97 97 97 97 97 97  8  8 97 97 82 97 97 97
 97 97 97 97 97 97 97 97 97 97 97 97 97 97 97 97 97 97 97 97 97 97 97 97
 97 97 97 97 97 97 97 97 97 97 97 97 97 97 97 97 97 97 97 97 97 97 97 97
 50 97 97 97 97 97 97 97 97 97 97 97 38 97 86 97 97 29 97 97 97 97 97 97
 97 97 97 97 97 97 97 97 97 97 97 97 97 59 97 97 97 97 53 97 97 97 97 68
 97 97 97 97 97 97 97 97 97 38 97 97 97 97 97 97 82 97 58 97 97 97 97 97
 97 97 97 97 97 53 97 97 97 97 97 97 97 97 97 97 97 97 97 97 97 97 97 97
 97 97 97 97 97 97 97 97 97 97 97 97 97 97 97 97 97 97 97 97 97 97 97 97
 97 97 97 68 97 97 97 97 97 97 97 97 97 97 97 97 97 97 97 97 97 97 97 97
 97 97 97 97 97 97 97 97 97 97 97 97 97 97 97 97 97 97 97 97 97 97 97 97
 97 97 97 97 97 97 88 97 97 97 97 97 97 97 97 97 97 97 97  2 97 97 97 97
 97 97 97 97 97 97 97 97 97 97 97 97 97 97 97 97 97 97 97 97 97 97 97 97
 97 97 97 92 97 97 97 97 97 97 97 97 97 97 97 97 97 97 97 97 97 97 97 52
 97 97 97 97 97 97 97 97 97 97 97 97 97 97 97 97 97 97 97 97 97 97 97 97
 97 97 97 97 97 97 97 62 97 97 97 99 97 97 97 97 20 97 97 97 97 67 97 97
 14 97 97 97 32 97 97 97 27 97 97 97 97 97 97 97 97 97 97 97 97 97 97 97
 97 97 97  0 97 97 97 97 97 97 97 97 97 97 97 97 97 61 97 97 56 97 97 97
 97 97 97 97 97 97 36 97 97 97 97 97 97 97 97 84 97 97 97 97 97 97 97 97
 97 97 97 97 97 97 97 97 97 97 97 97 97 97 97 97 97 97 97 97 97 97 97 97
 97 82 97 97 97 97 97 97 97 97 97 97 97 97 97 97 97 97 97 97 34 97 97 97
 97 97 97 97 97 97 97 97 97 97 97 97 97 97 97 97 97  5 97 97 97 97 97 97
 97 97 97 97 97 97 97 97 97 97 97 97 97 97 97 97 97 97 97 68 97 97 97 97
 97 97 97 97 97 97 97 97 97 97 97 97 97 97 97 97 97 97 82 97 97 97 97 97
 97 97 97 75 97 97 97 97 97 97 97 97 97 97 97 97 97 97 97 97 97 97 97 97
 97 97 97 97 97 97 97 97 97 97 97 97 97 97 97 97 97 97 97 97 97 97 97 97
 97 97 97 97 97 97 97 97 97 97 97 97 97 97 97 97 97 97 97 97 97 97 97 97
 97 97 97 89 97 97 97 97 97 97 97 97 97 97 97 97 97 97 97 97 97 97 97 97
 97 97 97 97 97 97 97 97 97 97 97 97 97 97 97 97 97 97 97 97 97 97 97 97
 97 97 97 97 97 97 97 97 97 60 97 97 97 97 97 97 97 97 97 97 97 97 97 97
 97 97 97 97 97 97 97 97 97 97 97 97 97 97 97 97 97 97 97 97 97 97 97 97
 97 97 97 97 97 97 97 97 97 97 97 97 97 75 97 97 97 97 97 97 97 97 97 97
 97 97 97 97 97 97 97 97 97 97 97 97 97 97 97 58 97 97 69 97 97  7 97 97
 97 97 97 97 97 97 97 97 97 97 97 97 97 97 97 36 97 97 97 97 97 86 97 97
 97 97 97 97 97 97 97 97 97 89 97 97 97 97 97 97 97 97 97 97 97 97 97 31
 97 97 97 97 97 38 97 97 97 97 97 97 97 97 97 97 97 97 97 97 97 97 97 97
 97 97 97 97 97 97 97 97 97 97 97 97 97 97 97 97 99 97 97 97 97 97 97 97
  5 89 97 97 97 97 97 97 97 97 97 97 97 97 97 82 97 97 97 97 97 97 97 97
 97 97 97 97 97 97 97 97 97 97 97 97 97 97 97 97 97 97 97 97 97 97 97 97
 97 97 97 97 97 97 97 97 97 97 86 97 97 97 97 97 97 97 97 25 97 97 97 97
 97 97 97 97 97 97 97 97 97 97 97 97 97 97 97 97 97 97 97 97 97 97 85 97
 97 97 97 97 97 97 97 97 97 97 97 97 97 97 97 97 97 97 97 97 97 97 97 97
 97 97 97 97 97 97 97 97 70 99 97 97 97 97 97 97 97 97 97 97 97 97 97 97
 97 97 97 97 97 82 97 97 97 97 97 97 97 97 82 97 97 97 97 97 97 97 97 97
 97 97 97 97 97 97 97 97 97 97 97 97 97 97 97 97 97 97 97 97 45 97 97 97
 97 97 97 97 97 97 97 97 97 97 97 97 97 97 97 97 97 97 97 97 97 97 97 97
 97 97 97 97 97 97 97 97 97 97 97 97 97 97 97 97 95 97 97 97 97 97 97 97
 97 68 97 97 97 97 97 97 97 97 97 97 97 97 97 97 97 97 97 97 97 97 97 97
 97 97 97 97 97 97 34 97 97 97 97 97 97 97 97 97 97 97 97 97 97 97 97 97
 97 97 97 97 97 97 97 97 97 97 97 97 97 97 97 97 97 97 97 97 97 97  4 97
 97 97 97 97 97 97 97 49 97 97 97 97 97 97 97 97 97 97 97 97 97 97 97 97
 97 97 97 97 97 97 97 97 97 97 97 97 97 97 82 97 97 97 97 97 97 97 97 97
 97 97 97 97 21 97 97 97 97 97 97 97 97 97 97 97 97 97 97 97 97 97 97 97
 97 97 97 97 97 97 97 11 97 97 97 97 97 97 97 97 97 97 97 97 97 97 97 97
 97 97 97 97 97 97 97 97 97 97 97 97 97 97 97 97 97 97 97 97 97 97 97 97
 97 97 97 97 97 97 97 57 97 97 97 97 97 97 97 97 97 97 97 97 97 97 97 97
 97 97 31 97 97 97 97 97 97 97 25 97 97 97 97 97 28 97 97 97 97 97 97 34
 97 97 97 97 85 97 97 97 97 97 97 97 97 97 97 97 97 97 97 97 97 97 97 97
 97 97  8 97 97 97 97 97 97 97 97 88 97 97 97 97 97 97 97 97 97 97 97 97
 97 97 97 97 66 97 97 97 60 97 97 97 97 97 97 97 97 97 97 97 97 97 97 97
 97 97 97 97 99 97 97 97 97 97 97 97 97 97 97 97 97 97 97 97 97 97 97 97
 97 97 97 97 97 97 97 97 85 97 97 97 97 97 97 97 97 97 97 97 97 97 97 97
 97 97 97 97 97 97 97 97 97 97 97 97 97 97 97 97 97 97 97 97 97 97 97 97
 45 97 97 97 97 97 97 97 97 97 97 97 97 97 97 97 97 97 97 97 97 97 97 97
 97 97 97 97 97 97 97 97 97 97 97 97 97 97 97 97 97 81 97 97 97 97 97 97
 97 73 97 97 97 97 97 97 97 97 97 97 97 97 97 97 97 97 97 97 97 97 97 97
 97 97 97 97 97 97 97 97 97 97 97 97 97 68 97 97 97 97 97 97 97 97 97 97
 97 97 97 97 97 97 97 97 97 97 97 97 38 97 97 92 97 97 97 97 97 97 97 97
 97 97 97 97 97 97 97 97 97 97 97 97 97 97 97 97 97 97 97 97 97 97 97 97
 97 97 97 97 97 97 97 62 97 97 97 97 97 97 97 28 97 97 97 97 97 97 97 97
 34 20 97 97 97 97 97 97 83 97 42 97 97 97 97 97 79 97 97 97 97 97 97 97
 97 97 97 97 97 97 97 97 97 97 97 97 97 97 97 97 97 97 97 97 99 97 97 97
 97 97 97 97 97 97 97 97 97 97 97 97 97 97 97 97 97 97 97 97 97 97 97 97
 97 97 97 97 97 97 97 97 97 97 97 97 82 97 97 97 97 97 97 97 97 97 97 97
 97 97 97 97 97 97 97 97 96 97 97 97 97 97 97 97 97 97 97 97 97 97 97 97
 97 97 97 97 97 97 97 97 97 97 97 97 97 97 97 97 97 97 97 97 97 97 97 22
 97 97 97 97 97 97 97 26 97 97 97 97 97 29 97 97 97 97 97 97 97 97 97 97
 97 97 97 97 97 97 97 97 97 97 97 97 97 97 97 97 97 97 97 97 97 86 97 97
 97 97 97 68 97 97 97 97 97 97 97 97 97 97 97 97 97 97 97 97 97 97 97 97
 97 97 97 97 97 97 97  5 97 97 97 97 97 97 97 97 97 97 97 97 97 97 97 97
 97 97 97 97 97 97 97 97 97 97 97 97 97 97 97 97 97 97 97 97 97 99 97 97
 97 97 97 97 97 97 97 97 97 97 97 97 97 97 97 97 97 97 97 97 71 97 97 97
 97 97 97 97 97 97 97 97 97 97 97 97 97 97 97 97 97 97 97 97 97 97 97 97
 97 97 97 97 97 97 97 97 97 97 97 97 97 97 97 97 97 97 97 97 97 97 97 97
 97 97 97 93 93 97 97 97 97 97 97 97 97 97 97 97 97 97 97 97 97 97 97 97
 97 97 97 97 89 97 97 97 97 97 97 97 97 97 97 97 97 97 97 97 97 97 97 97
 97 97 97 97 97 97 97 97 97 27 97 97 39 97 97 97 97 97 97 97 97 97 97 97
 97  1 97 97 97 97 97 97 97 97 97 97 97 97 97 97 97 97 97 97 97 97 97 97
 97 97 97 97 97 97 97 97 15 97 97 97 97 97 97 97 97 86 97 97 97 97 97 97
 97 97 97 97 97 97 97 97 97 97 97 97 97 97 97 97 97 97 97 92 97 85 85 97
 97 97 97 97 97 97 97 97 97 97 97 97 97 97 97 97 97 97 97 97 86 97 97 97
 97 97 97 97 97 97 97 97 97 97 97 97 97 97 97 97 97 97 97 97 97 97 97 97
 97 97 97 97 97 97 97 97 97 97 97 97 97 97 97 97 97 97 97 97 97 97 97 97
 97 97 97 97 97 97 97 97 97 97 97 97 97 97 97 97 97 97 97 97 97 97 97 97
 97 97 97 97 97 97 97 97 93 97 97 97 97 97 97 97 97 97 97 97 97 97 97 97
 97 97 97 97 97 97 97 97 97 97 97 97 97 97 27 97 97 97 97 97 97 97 97 97
 97 97 97 97 86 97 97 97 97 97 97 97 97 97 97 97 97 97 97 97 97 97 89 97
 97 97 97 97 97 97 97 97 97 97 97 97 97 97 97 97 97 97 97 97 97 97 97 97
 97 97 97 97 51 97  9 97 97 97 97 97 97 97 97 97 97 97 97 97 97 97 97 97
 97 97 97 97 97 97 97 97 97 97 97 97 97 97 97 37 97 97 97 97 97 97 97 97
 97 97 97 97 97 97 97 97 97 97 97 97 97 97 97 97 97 97 97 97 97 97 97 97
 97 97 97 53 97 97 97 97 97 97 97 97 97 97 97 97 97 97 17 97 97 97 97 97
 72 97 97 97 97 97 97 97 97 97 97 97 97 97 97 97 97 97 97 97 97 97 97 97
 97 97 97 97 97 97 97 97 97 97 97 97 97 97 97 97 97 97 97 97 97 97 97 97
 97 97 97 97 97 97 97 97 97 97 97 97 97 97 97 61 97 97 97 97 97 97 97 97
 97 97 97 97 97 97 97 97 97 97 97 97 97 97 97 97 97 97 97 97 97 97 97 97
 97 97 89 97 97 97 97 97 97 97 97 97 97 97 97 97 97 97 97 97 97 97 97 97
 97 97 97 97 97 97 97 97 97 97 97 97 97 97 97 97 97 97 97 97 97 97 97 97
 97 97 97 97 96 97 97 97 97 97 97 97 97 97 97 97 97 97 97 97 97 97 97 97
 97 58 97 97 97 97 97 97 82 97 97 97 97 97 97 97 97 97 97 97 97 97 97 97
 97 97 97 97 97 97 97 97 97 97 97 97 97 97 97 97 97 97 97 97 97 97 97 97
 97 97 97 97 97 97 97 97 97 97 97 97 97 97 97 97 97 97 97 97 97 97 97 97
 97 97 97 97 97 97 97 97 97 97 97 97 97 97 97 97 97 97 97 97 97 97 97 97
 97 96 97 97 97 97 97 97 97 97 84 97 97 97 97 97 97 97 97 97 97 97 97 97
 97 97 97 97 97 97 97 97 97 97 97 97 97 97 97 97 97 97 97 97 97 19 97 97
 97 97 97 97 97 97 97 97 97 97 97 97 97 97 97 97 97 97 97 97 97 97 97 97
 97 36 57 97 97 97 97 67 97 97 97 97 97 67 97 97 97 97 97 97 97 97 97 97
 97 97 97 97 97 97 97 97 97 97 97 97 97 97 97 97 97 97 97 97 97 97 97 97
 97 97 97 97 97 97 97 97 97 97 97 97 13 97 97 97 97 97 97 97 97 97 97 97
 97 97 97 97 97 97 97 97 97 97 97 97 97 97 97 97 97 97 97 91 97 97 97 97
 97 95 97 97 97 97 97 97 97 99 97 97 97  5 97 97 97 97 97 97 97 97 97 97
 97 97 97 97 97 97 97 97 97 97 97 97 97 97 96 97 97 97 97 97 97 97 97 97
 97 97 97 97 97 97 97 97 97 97 97 72 97 97 97 97 97 97 97 97 97 97 97 97
 97 97 97 97 97 97 97 97 97 97 97 97 97 97 97 97 97 97 97 97 97 97 97 97
 97 97 97 97 97 97 97 97 97 97 97 97 97 97 97 97 97 97 97 97 97 97 97 97
 97 97 97 97 97 97 97 97 97 97 97 97 97 97 97 97 97 97 97 97 97 97 97 97
 97 85 53 99 97 97 97 97 97 97 97 97 97 97 97 97 97 97 97 97 97 97 97 97
 97 97 97 97 97 97 97 97 82 97 97 97 97 97 97 97 97 97 97 97 97 97 41 97
 97 97 11 97 97 97 97 97 97 97 97 97 97 97 97 97 97 97 97 97 97 97 97 97
 97 97 97 97 97 97 97 97  5 97 97 97 97 97 97 97 97 97 97 47 97 97 97 97
 97 68 97 97 97 97 97 97 97 97 97 97 97 97 97 97 97 97 97 97 97 97 97 97
 97 97 97 97 97 97 97 97 97 97 97 97 97 97 97 97 97 97 97 97 97 97 97 97
 97 97 97 97 97 97 97 97 97 97 97 97 97 97 97 97 97 97 97 97 97 97 97 97
 97 97 97 97 97 97 97 97 97 97 97 97 97 97 97 97 97 97 97 97 97 39 97 97
 97 97 97 97 97 97 97 97 97 97 97 97 97 97 97 97 97 97 97 97 97 97 97 97
 97 97 97 97 97 72 97 97 97 97 97 97 97 97 97 97 97 97 97 97 95 97 97 97
 97 97 97 97 97 97 97 97 97 97 97 97 97 97 97 97 97 97 97 97 97 97 97 97
 97 97 97 97 97 97 97 97 97 97 97 97 97 97 97 97 97 96 97 97 97 97 34 97
 97 97 97 97 97 97 97 97 97 97 97 97 97 97 97 97 97 97 97 97 97 97 97 97
 97 97 97 97 97 97 97 97 63 97 97 97 97 97 97 97 97 97 97 97 97 97 97 97
 97 97 97 97 97 97 97 97 97 97 97 97 97 97 97 97 97 97 97 97 97 97 97 97
 64 97 97 97 97 97 97 97 97 97 97 97 97 97 97 97 97 97 97 97 97 97 97 97
 97 97 97 97 97 97 97 97 97 97 97 97 97 97 97 97 85 97 97 97 97 97 97 97
 97 97 97 97 97 97 97 24 97 97 97 97 97 97 97 97 38 97 97 97 97 97 97 97
 97 97 97 97 97 97 97 97 97 97 97 97 97 97 97 97 97 97 97 97 97 97 97 97
 97 97 97 97 97 97 97 97 97 97 97 97 97 97 97 97 97 97 97 97 97 97 97 97
 97 97 97 97 97 97 97 97 97 11 97 97 97 97 97 97 97 97 97 97 97 39 97 97
 97 97 97 97 97 63 97 52 97 97 97 97 97 97 97 97 97 97 97 97 97 91 97 97
 97 97 97 97 97 97 97 97 97 97 97 97 97 97 97 97 97 97 46 97 97 97 97 97
 97 97 97 97 97 97 97 97 97 97 97 97 97 97 97 97 97 97 97 97 97 97 97 97
 97 97 97 97 97 97 97 97 97 97 97 97 97 97 93 97 93 97 97 97 97 97 97 97
 97 97 97 97 97 97 97 97 36 97 97 97 97 97 97 97 97 97 97 97 97 97 97 97
 97 97 97 97 97 97 97 97 97 97 97 97 97 97 97 97 97 97 97 97 97 97 97 97
 97 97 97 97 97 97 97 97 97 97 97 97 97 97 97 97 97 97 97 97 97 97 97 97
 97 97 97 97 97 97 97 97 97 97 97 97 97 97 97 97 97 97 97 97 97 97 97 97
 97 97 97 97 97 97 97 97 97 97 97 97 97 97 97 97 97 97 97 97 97 97 97 97
 97 97 97 97 97 97 97 97 97 97 97 97 97 97 97 97 85 97 97 97 97 97 97 97
 97 97 97 97 97 97 97 97 97 97 97 97 97 97 97 97 97 97 97 97 72 97 97 97
 97 97 97 97 97 97 97 97 97 97 97 97 79 97 97 97 97 97 97 97 97 97 97 97
 97 97 97 97 97 97 97 97 97 97 97 97 97 97 97 97 97 97 97 97 97 97 97 97
 97 97 97]
{'max_C_size': 20380, 'min_C_size': 3, 'bindex': 20380.0, 'score': 30.181199300186563, 'ratio_cut': 30.181199300186563, 'conductance': 30.502650426647488, 'name': 'ca-CondMat'}

Algorithm 1 with params = {'L': 'normalized', 'normalized_spectral_clustering': None}:
-------------------------------------------------------

Computing laplacian of type normalized...
Computing eigens ...

Process finished with exit code -1
